>>>>>>>>>>>>>>>> [['bool', 'ns3::Ptr<ns3::NetDevice>', 'ns3::Ptr<ns3::Packet const>', 'unsigned short', 'ns3::Address const&', 'ns3::Address const&', 'ns3::NetDevice::PacketType', 'ns3::empty', 'ns3::empty', 'ns3::empty'], ['bool', 'ns3::Ptr<ns3::NetDevice>', 'ns3::Ptr<ns3::Packet const>', 'unsigned short', 'ns3::Address const&', 'ns3::empty', 'ns3::empty', 'ns3::empty', 'ns3::empty', 'ns3::empty'], ['void', 'ns3::Ptr<ns3::NetDevice>', 'ns3::Ptr<ns3::Packet const>', 'unsigned short', 'ns3::Address const&', 'ns3::Address const&', 'ns3::NetDevice::PacketType', 'ns3::empty', 'ns3::empty', 'ns3::empty']]
***** registering callback handler: 'ns3::Callback< bool, ns3::Ptr< ns3::NetDevice >, ns3::Ptr< ns3::Packet const >, unsigned short, ns3::Address const &, ns3::Address const &, ns3::NetDevice::PacketType, ns3::empty, ns3::empty, ns3::empty >'
***** registering callback handler: 'ns3::Callback< bool, ns3::Ptr< ns3::NetDevice >, ns3::Ptr< ns3::Packet const >, unsigned short, ns3::Address const &, ns3::empty, ns3::empty, ns3::empty, ns3::empty, ns3::empty >'
***** registering callback handler: 'ns3::Callback< void, ns3::Ptr< ns3::NetDevice >, ns3::Ptr< ns3::Packet const >, unsigned short, ns3::Address const &, ns3::Address const &, ns3::NetDevice::PacketType, ns3::empty, ns3::empty, ns3::empty >'
/afs/inf.ed.ac.uk/user/s12/s1232200/Year-4/CN/cwk1/ns/ns-3.18/src/csma/bindings/modulegen__gcc_LP64.py:486: Warning: exception TypeConfigurationError('direction not given',) in wrapper <pybindgen.cppmethod.CppConstructor object at 0x2788f10>
  cls.add_constructor([param('uint8_t', 'type'), param('uint8_t const *', 'buffer'), param('uint8_t', 'len')])
/afs/inf.ed.ac.uk/user/s12/s1232200/Year-4/CN/cwk1/ns/ns-3.18/src/csma/bindings/modulegen__gcc_LP64.py:497: Warning: exception TypeConfigurationError('direction not given',) in wrapper public: retval? ???::CopyAllFrom (params?);
  [param('uint8_t const *', 'buffer'), param('uint8_t', 'len')])
/afs/inf.ed.ac.uk/user/s12/s1232200/Year-4/CN/cwk1/ns/ns-3.18/src/csma/bindings/modulegen__gcc_LP64.py:502: Warning: exception TypeConfigurationError('direction not given',) in wrapper public: retval? ???::CopyAllTo (params?) const;
  is_const=True)
/afs/inf.ed.ac.uk/user/s12/s1232200/Year-4/CN/cwk1/ns/ns-3.18/src/csma/bindings/modulegen__gcc_LP64.py:506: Warning: exception TypeConfigurationError('direction not given',) in wrapper public: retval? ???::CopyFrom (params?);
  [param('uint8_t const *', 'buffer'), param('uint8_t', 'len')])
/afs/inf.ed.ac.uk/user/s12/s1232200/Year-4/CN/cwk1/ns/ns-3.18/src/csma/bindings/modulegen__gcc_LP64.py:511: Warning: exception TypeConfigurationError('direction not given',) in wrapper public: retval? ???::CopyTo (params?) const;
  is_const=True)
/afs/inf.ed.ac.uk/user/s12/s1232200/Year-4/CN/cwk1/ns/ns-3.18/src/csma/bindings/modulegen__gcc_LP64.py:680: Warning: exception TypeLookupError(['std::_List_const_iterator< ns3::AttributeConstructionList::Item >'],) in wrapper public: retval? ???::Begin (params?) const;
  is_const=True)
/afs/inf.ed.ac.uk/user/s12/s1232200/Year-4/CN/cwk1/ns/ns-3.18/src/csma/bindings/modulegen__gcc_LP64.py:685: Warning: exception TypeLookupError(['std::_List_const_iterator< ns3::AttributeConstructionList::Item >'],) in wrapper public: retval? ???::End (params?) const;
  is_const=True)
/afs/inf.ed.ac.uk/user/s12/s1232200/Year-4/CN/cwk1/ns/ns-3.18/src/csma/bindings/modulegen__gcc_LP64.py:775: Warning: exception TypeLookupError(['std::ostream *'],) in wrapper public: retval? ???::CopyData (params?) const;
  is_const=True)
/afs/inf.ed.ac.uk/user/s12/s1232200/Year-4/CN/cwk1/ns/ns-3.18/src/csma/bindings/modulegen__gcc_LP64.py:780: Warning: exception TypeConfigurationError('direction not given',) in wrapper public: retval? ???::CopyData (params?) const;
  is_const=True)
/afs/inf.ed.ac.uk/user/s12/s1232200/Year-4/CN/cwk1/ns/ns-3.18/src/csma/bindings/modulegen__gcc_LP64.py:794: Warning: exception TypeConfigurationError('direction not given',) in wrapper public: retval? ???::Deserialize (params?);
  [param('uint8_t const *', 'buffer'), param('uint32_t', 'size')])
/afs/inf.ed.ac.uk/user/s12/s1232200/Year-4/CN/cwk1/ns/ns-3.18/src/csma/bindings/modulegen__gcc_LP64.py:824: Warning: exception TypeLookupError(['uint8_t *'],) in wrapper public: retval? ???::PeekData (params?) const;
  is_const=True)
/afs/inf.ed.ac.uk/user/s12/s1232200/Year-4/CN/cwk1/ns/ns-3.18/src/csma/bindings/modulegen__gcc_LP64.py:837: Warning: exception TypeConfigurationError('direction not given',) in wrapper public: retval? ???::Serialize (params?) const;
  is_const=True)
/afs/inf.ed.ac.uk/user/s12/s1232200/Year-4/CN/cwk1/ns/ns-3.18/src/csma/bindings/modulegen__gcc_LP64.py:892: Warning: exception TypeConfigurationError('direction not given',) in wrapper public: retval? ???::Read (params?);
  [param('uint8_t *', 'buffer'), param('uint32_t', 'size')])
/afs/inf.ed.ac.uk/user/s12/s1232200/Year-4/CN/cwk1/ns/ns-3.18/src/csma/bindings/modulegen__gcc_LP64.py:936: Warning: exception TypeConfigurationError('direction not given',) in wrapper public: retval? ???::Write (params?);
  [param('uint8_t const *', 'buffer'), param('uint32_t', 'size')])
/afs/inf.ed.ac.uk/user/s12/s1232200/Year-4/CN/cwk1/ns/ns-3.18/src/csma/bindings/modulegen__gcc_LP64.py:1167: Warning: exception TypeLookupError(['ns3::Ptr< ns3::EventImpl > &'],) in wrapper <pybindgen.cppmethod.CppConstructor object at 0x223fe90>
  cls.add_constructor([param('ns3::Ptr< ns3::EventImpl > const &', 'impl'), param('uint64_t', 'ts'), param('uint32_t', 'context'), param('uint32_t', 'uid')])
/afs/inf.ed.ac.uk/user/s12/s1232200/Year-4/CN/cwk1/ns/ns-3.18/src/csma/bindings/modulegen__gcc_LP64.py:1201: Warning: exception TypeConfigurationError('Either caller_owns_return or self.reference_existing_object must be given',) in wrapper public: retval? ???::PeekEventImpl (params?) const;
  is_const=True)
/afs/inf.ed.ac.uk/user/s12/s1232200/Year-4/CN/cwk1/ns/ns-3.18/src/csma/bindings/modulegen__gcc_LP64.py:1260: Warning: exception TypeConfigurationError('direction not given',) in wrapper public: retval? ???::Deserialize (params?);
  is_static=True)
/afs/inf.ed.ac.uk/user/s12/s1232200/Year-4/CN/cwk1/ns/ns-3.18/src/csma/bindings/modulegen__gcc_LP64.py:1325: Warning: exception TypeLookupError(['std::ostream &'],) in wrapper public: retval? ???::Print (params?) const;
  is_const=True)
/afs/inf.ed.ac.uk/user/s12/s1232200/Year-4/CN/cwk1/ns/ns-3.18/src/csma/bindings/modulegen__gcc_LP64.py:1330: Warning: exception TypeConfigurationError('direction not given',) in wrapper public: retval? ???::Serialize (params?) const;
  is_const=True)
/afs/inf.ed.ac.uk/user/s12/s1232200/Year-4/CN/cwk1/ns/ns-3.18/src/csma/bindings/modulegen__gcc_LP64.py:1397: Warning: exception TypeLookupError(['std::ostream &'],) in wrapper public: retval? ???::Print (params?) const;
  is_const=True)
/afs/inf.ed.ac.uk/user/s12/s1232200/Year-4/CN/cwk1/ns/ns-3.18/src/csma/bindings/modulegen__gcc_LP64.py:1414: Warning: exception TypeConfigurationError('direction not given',) in wrapper <pybindgen.cppmethod.CppConstructor object at 0x2349b10>
  cls.add_constructor([param('uint8_t *', 'address')])
/afs/inf.ed.ac.uk/user/s12/s1232200/Year-4/CN/cwk1/ns/ns-3.18/src/csma/bindings/modulegen__gcc_LP64.py:1432: Warning: exception TypeConfigurationError('direction not given',) in wrapper public: retval? ???::Deserialize (params?);
  is_static=True)
/afs/inf.ed.ac.uk/user/s12/s1232200/Year-4/CN/cwk1/ns/ns-3.18/src/csma/bindings/modulegen__gcc_LP64.py:1457: Warning: exception TypeConfigurationError('direction not given',) in wrapper public: retval? ???::GetBytes (params?) const;
  is_const=True)
/afs/inf.ed.ac.uk/user/s12/s1232200/Year-4/CN/cwk1/ns/ns-3.18/src/csma/bindings/modulegen__gcc_LP64.py:1546: Warning: exception TypeLookupError(['ns3::Mac16Address'],) in wrapper public: retval? ???::MakeAutoconfiguredAddress (params?);
  is_static=True)
/afs/inf.ed.ac.uk/user/s12/s1232200/Year-4/CN/cwk1/ns/ns-3.18/src/csma/bindings/modulegen__gcc_LP64.py:1556: Warning: exception TypeLookupError(['ns3::Mac64Address'],) in wrapper public: retval? ???::MakeAutoconfiguredAddress (params?);
  is_static=True)
/afs/inf.ed.ac.uk/user/s12/s1232200/Year-4/CN/cwk1/ns/ns-3.18/src/csma/bindings/modulegen__gcc_LP64.py:1561: Warning: exception TypeLookupError(['ns3::Mac16Address'],) in wrapper public: retval? ???::MakeAutoconfiguredLinkLocalAddress (params?);
  is_static=True)
/afs/inf.ed.ac.uk/user/s12/s1232200/Year-4/CN/cwk1/ns/ns-3.18/src/csma/bindings/modulegen__gcc_LP64.py:1571: Warning: exception TypeLookupError(['ns3::Mac64Address'],) in wrapper public: retval? ???::MakeAutoconfiguredLinkLocalAddress (params?);
  is_static=True)
/afs/inf.ed.ac.uk/user/s12/s1232200/Year-4/CN/cwk1/ns/ns-3.18/src/csma/bindings/modulegen__gcc_LP64.py:1586: Warning: exception TypeLookupError(['std::ostream &'],) in wrapper public: retval? ???::Print (params?) const;
  is_const=True)
/afs/inf.ed.ac.uk/user/s12/s1232200/Year-4/CN/cwk1/ns/ns-3.18/src/csma/bindings/modulegen__gcc_LP64.py:1591: Warning: exception TypeConfigurationError('direction not given',) in wrapper public: retval? ???::Serialize (params?) const;
  is_const=True)
/afs/inf.ed.ac.uk/user/s12/s1232200/Year-4/CN/cwk1/ns/ns-3.18/src/csma/bindings/modulegen__gcc_LP64.py:1599: Warning: exception TypeConfigurationError('direction not given',) in wrapper public: retval? ???::Set (params?);
  [param('uint8_t *', 'address')])
/afs/inf.ed.ac.uk/user/s12/s1232200/Year-4/CN/cwk1/ns/ns-3.18/src/csma/bindings/modulegen__gcc_LP64.py:1609: Warning: exception TypeConfigurationError('direction not given',) in wrapper <pybindgen.cppmethod.CppConstructor object at 0x236d690>
  cls.add_constructor([param('uint8_t *', 'prefix')])
/afs/inf.ed.ac.uk/user/s12/s1232200/Year-4/CN/cwk1/ns/ns-3.18/src/csma/bindings/modulegen__gcc_LP64.py:1622: Warning: exception TypeConfigurationError('direction not given',) in wrapper public: retval? ???::GetBytes (params?) const;
  is_const=True)
/afs/inf.ed.ac.uk/user/s12/s1232200/Year-4/CN/cwk1/ns/ns-3.18/src/csma/bindings/modulegen__gcc_LP64.py:1657: Warning: exception TypeLookupError(['std::ostream &'],) in wrapper public: retval? ???::Print (params?) const;
  is_const=True)
/afs/inf.ed.ac.uk/user/s12/s1232200/Year-4/CN/cwk1/ns/ns-3.18/src/csma/bindings/modulegen__gcc_LP64.py:1684: Warning: exception TypeConfigurationError('direction not given',) in wrapper public: retval? ???::CopyFrom (params?);
  [param('uint8_t const *', 'buffer')])
/afs/inf.ed.ac.uk/user/s12/s1232200/Year-4/CN/cwk1/ns/ns-3.18/src/csma/bindings/modulegen__gcc_LP64.py:1689: Warning: exception TypeConfigurationError('direction not given',) in wrapper public: retval? ???::CopyTo (params?) const;
  is_const=True)
/afs/inf.ed.ac.uk/user/s12/s1232200/Year-4/CN/cwk1/ns/ns-3.18/src/csma/bindings/modulegen__gcc_LP64.py:1759: Warning: exception TypeLookupError(['__gnu_cxx::__normal_iterator< ns3::Ptr< ns3::NetDevice > const, std::vector< ns3::Ptr< ns3::NetDevice > > >'],) in wrapper public: retval? ???::Begin (params?) const;
  is_const=True)
/afs/inf.ed.ac.uk/user/s12/s1232200/Year-4/CN/cwk1/ns/ns-3.18/src/csma/bindings/modulegen__gcc_LP64.py:1764: Warning: exception TypeLookupError(['__gnu_cxx::__normal_iterator< ns3::Ptr< ns3::NetDevice > const, std::vector< ns3::Ptr< ns3::NetDevice > > >'],) in wrapper public: retval? ???::End (params?) const;
  is_const=True)
/afs/inf.ed.ac.uk/user/s12/s1232200/Year-4/CN/cwk1/ns/ns-3.18/src/csma/bindings/modulegen__gcc_LP64.py:1810: Warning: exception TypeLookupError(['__gnu_cxx::__normal_iterator< ns3::Ptr< ns3::Node > const, std::vector< ns3::Ptr< ns3::Node > > >'],) in wrapper public: retval? ???::Begin (params?) const;
  is_const=True)
/afs/inf.ed.ac.uk/user/s12/s1232200/Year-4/CN/cwk1/ns/ns-3.18/src/csma/bindings/modulegen__gcc_LP64.py:1823: Warning: exception TypeLookupError(['__gnu_cxx::__normal_iterator< ns3::Ptr< ns3::Node > const, std::vector< ns3::Ptr< ns3::Node > > >'],) in wrapper public: retval? ???::End (params?) const;
  is_const=True)
/afs/inf.ed.ac.uk/user/s12/s1232200/Year-4/CN/cwk1/ns/ns-3.18/src/csma/bindings/modulegen__gcc_LP64.py:1911: Warning: exception TypeConfigurationError('Missing transfer_ownership option',) in wrapper public: retval? ???::Delete (params?);
  is_static=True)
/afs/inf.ed.ac.uk/user/s12/s1232200/Year-4/CN/cwk1/ns/ns-3.18/src/csma/bindings/modulegen__gcc_LP64.py:1984: Warning: exception TypeConfigurationError('direction not given',) in wrapper public: retval? ???::Deserialize (params?);
  [param('uint8_t const *', 'buffer'), param('uint32_t', 'size')])
/afs/inf.ed.ac.uk/user/s12/s1232200/Year-4/CN/cwk1/ns/ns-3.18/src/csma/bindings/modulegen__gcc_LP64.py:2025: Warning: exception TypeConfigurationError('direction not given',) in wrapper public: retval? ???::Serialize (params?) const;
  is_const=True)
bindings/python/ns3modulegen-modular.py:27: UserWarning: exception TypeLookupError(['uint8_t [ 20 ]'],) in wrapper None
  warnings.warn("exception %r in wrapper %s" % (exception, wrapper))
bindings/python/ns3modulegen-modular.py:27: UserWarning: exception TypeConfigurationError('Either caller_owns_return or self.reference_existing_object must be given',) in wrapper None
  warnings.warn("exception %r in wrapper %s" % (exception, wrapper))
/afs/inf.ed.ac.uk/user/s12/s1232200/Year-4/CN/cwk1/ns/ns-3.18/src/csma/bindings/modulegen__gcc_LP64.py:2156: Warning: exception TypeLookupError(['uint32_t &'],) in wrapper public: retval? ???::Diff (params?);
  is_static=True)
/afs/inf.ed.ac.uk/user/s12/s1232200/Year-4/CN/cwk1/ns/ns-3.18/src/csma/bindings/modulegen__gcc_LP64.py:2210: Warning: exception TypeConfigurationError('direction not given',) in wrapper public: retval? ???::Read (params?);
  [param('uint8_t * const', 'data'), param('uint32_t', 'maxBytes'), param('uint32_t &', 'tsSec'), param('uint32_t &', 'tsUsec'), param('uint32_t &', 'inclLen'), param('uint32_t &', 'origLen'), param('uint32_t &', 'readLen')])
/afs/inf.ed.ac.uk/user/s12/s1232200/Year-4/CN/cwk1/ns/ns-3.18/src/csma/bindings/modulegen__gcc_LP64.py:2214: Warning: exception TypeConfigurationError('direction not given',) in wrapper public: retval? ???::Write (params?);
  [param('uint32_t', 'tsSec'), param('uint32_t', 'tsUsec'), param('uint8_t const * const', 'data'), param('uint32_t', 'totalLen')])
/afs/inf.ed.ac.uk/user/s12/s1232200/Year-4/CN/cwk1/ns/ns-3.18/src/csma/bindings/modulegen__gcc_LP64.py:2323: Warning: exception TypeLookupError(['ns3::Ptr< ns3::SimulatorImpl >', 'ns3::SimulatorImpl *'],) in wrapper public: retval? ???::GetImplementation (params?);
  is_static=True)
/afs/inf.ed.ac.uk/user/s12/s1232200/Year-4/CN/cwk1/ns/ns-3.18/src/csma/bindings/modulegen__gcc_LP64.py:2358: Warning: exception TypeLookupError(['ns3::Ptr< ns3::SimulatorImpl >', 'ns3::SimulatorImpl *'],) in wrapper public: retval? ???::SetImplementation (params?);
  is_static=True)
/afs/inf.ed.ac.uk/user/s12/s1232200/Year-4/CN/cwk1/ns/ns-3.18/src/csma/bindings/modulegen__gcc_LP64.py:2400: Warning: exception TypeLookupError(['std::ostream &'],) in wrapper public: virtual retval? ???::Print (params?) const = 0;
  is_pure_virtual=True, is_const=True, is_virtual=True)
/afs/inf.ed.ac.uk/user/s12/s1232200/Year-4/CN/cwk1/ns/ns-3.18/src/csma/bindings/modulegen__gcc_LP64.py:2412: Warning: exception TypeConfigurationError('direction not given',) in wrapper <pybindgen.cppmethod.CppConstructor object at 0x2b8ed50>
  cls.add_constructor([param('uint8_t *', 'start'), param('uint8_t *', 'end')])
/afs/inf.ed.ac.uk/user/s12/s1232200/Year-4/CN/cwk1/ns/ns-3.18/src/csma/bindings/modulegen__gcc_LP64.py:2420: Warning: exception TypeConfigurationError('direction not given',) in wrapper public: retval? ???::Read (params?);
  [param('uint8_t *', 'buffer'), param('uint32_t', 'size')])
/afs/inf.ed.ac.uk/user/s12/s1232200/Year-4/CN/cwk1/ns/ns-3.18/src/csma/bindings/modulegen__gcc_LP64.py:2448: Warning: exception TypeConfigurationError('direction not given',) in wrapper public: retval? ???::Write (params?);
  [param('uint8_t const *', 'buffer'), param('uint32_t', 'size')])
/afs/inf.ed.ac.uk/user/s12/s1232200/Year-4/CN/cwk1/ns/ns-3.18/src/csma/bindings/modulegen__gcc_LP64.py:2513: Warning: exception TypeLookupError(['ns3::Callback< ns3::ObjectBase *, ns3::empty, ns3::empty, ns3::empty, ns3::empty, ns3::empty, ns3::empty, ns3::empty, ns3::empty, ns3::empty >'],) in wrapper public: retval? ???::GetConstructor (params?) const;
  is_const=True)
/afs/inf.ed.ac.uk/user/s12/s1232200/Year-4/CN/cwk1/ns/ns-3.18/src/csma/bindings/modulegen__gcc_LP64.py:2592: Warning: exception TypeConfigurationError('Missing transfer_ownership option',) in wrapper public: retval? ???::LookupByHashFailSafe (params?);
  is_static=True)
bindings/python/ns3modulegen-modular.py:27: UserWarning: exception TypeLookupError(['short unsigned int'],) in wrapper None
  warnings.warn("exception %r in wrapper %s" % (exception, wrapper))
/afs/inf.ed.ac.uk/user/s12/s1232200/Year-4/CN/cwk1/ns/ns-3.18/src/csma/bindings/modulegen__gcc_LP64.py:2793: Warning: exception TypeLookupError(['std::ostream &'],) in wrapper public: virtual retval? ???::Print (params?) const = 0;
  is_pure_virtual=True, is_const=True, is_virtual=True)
/afs/inf.ed.ac.uk/user/s12/s1232200/Year-4/CN/cwk1/ns/ns-3.18/src/csma/bindings/modulegen__gcc_LP64.py:2899: Warning: exception TypeLookupError(['std::ostream &'],) in wrapper public: virtual retval? ???::Print (params?) const = 0;
  is_pure_virtual=True, is_const=True, is_virtual=True)
/afs/inf.ed.ac.uk/user/s12/s1232200/Year-4/CN/cwk1/ns/ns-3.18/src/csma/bindings/modulegen__gcc_LP64.py:3018: Warning: exception TypeConfigurationError('direction not given',) in wrapper public: retval? ???::Write (params?);
  [param('ns3::Time', 't'), param('uint8_t const *', 'buffer'), param('uint32_t', 'length')])
/afs/inf.ed.ac.uk/user/s12/s1232200/Year-4/CN/cwk1/ns/ns-3.18/src/csma/bindings/modulegen__gcc_LP64.py:3177: Warning: exception TypeLookupError(['ns3::RngStream *'],) in wrapper protected: retval? ???::Peek (params?) const;
  is_const=True, visibility='protected')
/afs/inf.ed.ac.uk/user/s12/s1232200/Year-4/CN/cwk1/ns/ns-3.18/src/csma/bindings/modulegen__gcc_LP64.py:3563: Warning: exception TypeLookupError(['std::ostream &'],) in wrapper public: virtual retval? ???::Print (params?) const = 0;
  is_pure_virtual=True, is_const=True, is_virtual=True)
/afs/inf.ed.ac.uk/user/s12/s1232200/Year-4/CN/cwk1/ns/ns-3.18/src/csma/bindings/modulegen__gcc_LP64.py:4628: Warning: exception TypeLookupError(['ns3::Callback< void, ns3::empty, ns3::empty, ns3::empty, ns3::empty, ns3::empty, ns3::empty, ns3::empty, ns3::empty, ns3::empty >'],) in wrapper public: virtual retval? ???::AddLinkChangeCallback (params?) = 0;
  is_pure_virtual=True, is_virtual=True)
/afs/inf.ed.ac.uk/user/s12/s1232200/Year-4/CN/cwk1/ns/ns-3.18/src/csma/bindings/modulegen__gcc_LP64.py:4805: Warning: exception TypeLookupError(['ns3::Ptr< ns3::Application >', 'ns3::Application *'],) in wrapper public: retval? ???::AddApplication (params?);
  [param('ns3::Ptr< ns3::Application >', 'application')])
/afs/inf.ed.ac.uk/user/s12/s1232200/Year-4/CN/cwk1/ns/ns-3.18/src/csma/bindings/modulegen__gcc_LP64.py:4819: Warning: exception TypeLookupError(['ns3::Ptr< ns3::Application >', 'ns3::Application *'],) in wrapper public: retval? ???::GetApplication (params?) const;
  is_const=True)
/afs/inf.ed.ac.uk/user/s12/s1232200/Year-4/CN/cwk1/ns/ns-3.18/src/csma/bindings/modulegen__gcc_LP64.py:4853: Warning: exception TypeLookupError(['ns3::Callback< void, ns3::Ptr< ns3::NetDevice >, ns3::empty, ns3::empty, ns3::empty, ns3::empty, ns3::empty, ns3::empty, ns3::empty, ns3::empty >'],) in wrapper public: retval? ???::RegisterDeviceAdditionListener (params?);
  [param('ns3::Callback< void, ns3::Ptr< ns3::NetDevice >, ns3::empty, ns3::empty, ns3::empty, ns3::empty, ns3::empty, ns3::empty, ns3::empty, ns3::empty >', 'listener')])
/afs/inf.ed.ac.uk/user/s12/s1232200/Year-4/CN/cwk1/ns/ns-3.18/src/csma/bindings/modulegen__gcc_LP64.py:4861: Warning: exception TypeLookupError(['ns3::Callback< void, ns3::Ptr< ns3::NetDevice >, ns3::empty, ns3::empty, ns3::empty, ns3::empty, ns3::empty, ns3::empty, ns3::empty, ns3::empty >'],) in wrapper public: retval? ???::UnregisterDeviceAdditionListener (params?);
  [param('ns3::Callback< void, ns3::Ptr< ns3::NetDevice >, ns3::empty, ns3::empty, ns3::empty, ns3::empty, ns3::empty, ns3::empty, ns3::empty, ns3::empty >', 'listener')])
/afs/inf.ed.ac.uk/user/s12/s1232200/Year-4/CN/cwk1/ns/ns-3.18/src/csma/bindings/modulegen__gcc_LP64.py:4969: Warning: exception TypeLookupError(['std::ostream *'],) in wrapper <pybindgen.cppmethod.CppConstructor object at 0x36facd0>
  cls.add_constructor([param('std::ostream *', 'os')])
/afs/inf.ed.ac.uk/user/s12/s1232200/Year-4/CN/cwk1/ns/ns-3.18/src/csma/bindings/modulegen__gcc_LP64.py:4973: Warning: exception TypeLookupError(['std::ostream *'],) in wrapper public: retval? ???::GetStream (params?);
  [])
/afs/inf.ed.ac.uk/user/s12/s1232200/Year-4/CN/cwk1/ns/ns-3.18/src/csma/bindings/modulegen__gcc_LP64.py:4985: Warning: exception TypeConfigurationError('direction not given',) in wrapper <pybindgen.cppmethod.CppConstructor object at 0x36ffb10>
  cls.add_constructor([param('uint8_t const *', 'buffer'), param('uint32_t', 'size'), param('bool', 'magic')])
/afs/inf.ed.ac.uk/user/s12/s1232200/Year-4/CN/cwk1/ns/ns-3.18/src/csma/bindings/modulegen__gcc_LP64.py:4987: Warning: exception TypeConfigurationError('direction not given',) in wrapper <pybindgen.cppmethod.CppConstructor object at 0x36ffb50>
  cls.add_constructor([param('uint8_t const *', 'buffer'), param('uint32_t', 'size')])
/afs/inf.ed.ac.uk/user/s12/s1232200/Year-4/CN/cwk1/ns/ns-3.18/src/csma/bindings/modulegen__gcc_LP64.py:5028: Warning: exception TypeConfigurationError('direction not given',) in wrapper public: retval? ???::CopyData (params?) const;
  is_const=True)
/afs/inf.ed.ac.uk/user/s12/s1232200/Year-4/CN/cwk1/ns/ns-3.18/src/csma/bindings/modulegen__gcc_LP64.py:5033: Warning: exception TypeLookupError(['std::ostream *'],) in wrapper public: retval? ???::CopyData (params?) const;
  is_const=True)
/afs/inf.ed.ac.uk/user/s12/s1232200/Year-4/CN/cwk1/ns/ns-3.18/src/csma/bindings/modulegen__gcc_LP64.py:5088: Warning: exception TypeLookupError(['uint8_t *'],) in wrapper public: retval? ???::PeekData (params?) const;
  deprecated=True, is_const=True)
/afs/inf.ed.ac.uk/user/s12/s1232200/Year-4/CN/cwk1/ns/ns-3.18/src/csma/bindings/modulegen__gcc_LP64.py:5107: Warning: exception TypeLookupError(['std::ostream &'],) in wrapper public: retval? ???::Print (params?) const;
  is_const=True)
/afs/inf.ed.ac.uk/user/s12/s1232200/Year-4/CN/cwk1/ns/ns-3.18/src/csma/bindings/modulegen__gcc_LP64.py:5112: Warning: exception TypeLookupError(['std::ostream &'],) in wrapper public: retval? ???::PrintByteTags (params?) const;
  is_const=True)
/afs/inf.ed.ac.uk/user/s12/s1232200/Year-4/CN/cwk1/ns/ns-3.18/src/csma/bindings/modulegen__gcc_LP64.py:5117: Warning: exception TypeLookupError(['std::ostream &'],) in wrapper public: retval? ???::PrintPacketTags (params?) const;
  is_const=True)
/afs/inf.ed.ac.uk/user/s12/s1232200/Year-4/CN/cwk1/ns/ns-3.18/src/csma/bindings/modulegen__gcc_LP64.py:5154: Warning: exception TypeConfigurationError('direction not given',) in wrapper public: retval? ???::Serialize (params?) const;
  is_const=True)
/afs/inf.ed.ac.uk/user/s12/s1232200/Year-4/CN/cwk1/ns/ns-3.18/src/csma/bindings/modulegen__gcc_LP64.py:5559: Warning: exception TypeLookupError(['ns3::Callback< void, ns3::empty, ns3::empty, ns3::empty, ns3::empty, ns3::empty, ns3::empty, ns3::empty, ns3::empty, ns3::empty >'],) in wrapper public: virtual retval? ???::AddLinkChangeCallback (params?);
  is_virtual=True)
/afs/inf.ed.ac.uk/user/s12/s1232200/Year-4/CN/cwk1/ns/ns-3.18/src/csma/bindings/modulegen__gcc_LP64.py:5699: Warning: exception TypeLookupError(['ns3::Hash::Hash32Function_ptr'],) in wrapper <pybindgen.cppmethod.CppConstructor object at 0x3944790>
  cls.add_constructor([param('ns3::Hash::Hash32Function_ptr', 'hp')])
/afs/inf.ed.ac.uk/user/s12/s1232200/Year-4/CN/cwk1/ns/ns-3.18/src/csma/bindings/modulegen__gcc_LP64.py:5716: Warning: exception TypeLookupError(['ns3::Hash::Hash64Function_ptr'],) in wrapper <pybindgen.cppmethod.CppConstructor object at 0x3a12850>
  cls.add_constructor([param('ns3::Hash::Hash64Function_ptr', 'hp')])
/afs/inf.ed.ac.uk/user/s12/s1232200/Year-4/CN/cwk1/ns/pybindgen-0.16.0.831/pybindgen/cppclass_typehandlers.py:1098: UserWarning: Returning shared pointers is dangerous!  The C++ API should be redesigned to avoid this situation.
  warnings.warn("Returning shared pointers is dangerous!"
