>>>>>>>>>>>>>>>> [['void', 'ns3::Ptr<ns3::NetDevice>', 'ns3::Ptr<ns3::Packet const>', 'unsigned short', 'ns3::Address const&', 'ns3::Address const&', 'ns3::NetDevice::PacketType', 'ns3::empty', 'ns3::empty', 'ns3::empty']]
/afs/inf.ed.ac.uk/user/s12/s1232200/Year-4/CN/cwk1/ns/ns-3.18/bindings/python/ns3modulegen_core_customizations.py:228: Warning: ***** Unable to register callback; parameter 'ns3::Ptr<ns3::Packet const> arg2' error (used in ns3::Callback< void, ns3::Ptr<ns3::NetDevice>, ns3::Ptr<ns3::Packet const>, unsigned short, ns3::Address const&, ns3::Address const&, ns3::NetDevice::PacketType, ns3::empty, ns3::empty, ns3::empty >): TypeLookupError(['ns3::Ptr< ns3::Packet const >', 'ns3::Packet *'],)
  Warning)
/afs/inf.ed.ac.uk/user/s12/s1232200/Year-4/CN/cwk1/ns/ns-3.18/src/buildings/bindings/modulegen__gcc_LP64.py:454: Warning: exception TypeConfigurationError('direction not given',) in wrapper <pybindgen.cppmethod.CppConstructor object at 0x16f8350>
  cls.add_constructor([param('uint8_t', 'type'), param('uint8_t const *', 'buffer'), param('uint8_t', 'len')])
/afs/inf.ed.ac.uk/user/s12/s1232200/Year-4/CN/cwk1/ns/ns-3.18/src/buildings/bindings/modulegen__gcc_LP64.py:465: Warning: exception TypeConfigurationError('direction not given',) in wrapper public: retval? ???::CopyAllFrom (params?);
  [param('uint8_t const *', 'buffer'), param('uint8_t', 'len')])
/afs/inf.ed.ac.uk/user/s12/s1232200/Year-4/CN/cwk1/ns/ns-3.18/src/buildings/bindings/modulegen__gcc_LP64.py:470: Warning: exception TypeConfigurationError('direction not given',) in wrapper public: retval? ???::CopyAllTo (params?) const;
  is_const=True)
/afs/inf.ed.ac.uk/user/s12/s1232200/Year-4/CN/cwk1/ns/ns-3.18/src/buildings/bindings/modulegen__gcc_LP64.py:474: Warning: exception TypeConfigurationError('direction not given',) in wrapper public: retval? ???::CopyFrom (params?);
  [param('uint8_t const *', 'buffer'), param('uint8_t', 'len')])
/afs/inf.ed.ac.uk/user/s12/s1232200/Year-4/CN/cwk1/ns/ns-3.18/src/buildings/bindings/modulegen__gcc_LP64.py:479: Warning: exception TypeConfigurationError('direction not given',) in wrapper public: retval? ???::CopyTo (params?) const;
  is_const=True)
/afs/inf.ed.ac.uk/user/s12/s1232200/Year-4/CN/cwk1/ns/ns-3.18/src/buildings/bindings/modulegen__gcc_LP64.py:529: Warning: exception TypeLookupError(['std::_List_const_iterator< ns3::AttributeConstructionList::Item >'],) in wrapper public: retval? ???::Begin (params?) const;
  is_const=True)
/afs/inf.ed.ac.uk/user/s12/s1232200/Year-4/CN/cwk1/ns/ns-3.18/src/buildings/bindings/modulegen__gcc_LP64.py:534: Warning: exception TypeLookupError(['std::_List_const_iterator< ns3::AttributeConstructionList::Item >'],) in wrapper public: retval? ???::End (params?) const;
  is_const=True)
/afs/inf.ed.ac.uk/user/s12/s1232200/Year-4/CN/cwk1/ns/ns-3.18/src/buildings/bindings/modulegen__gcc_LP64.py:617: Warning: exception TypeLookupError(['__gnu_cxx::__normal_iterator< ns3::Ptr< ns3::Building > const, std::vector< ns3::Ptr< ns3::Building > > >'],) in wrapper public: retval? ???::Begin (params?) const;
  is_const=True)
/afs/inf.ed.ac.uk/user/s12/s1232200/Year-4/CN/cwk1/ns/ns-3.18/src/buildings/bindings/modulegen__gcc_LP64.py:626: Warning: exception TypeLookupError(['__gnu_cxx::__normal_iterator< ns3::Ptr< ns3::Building > const, std::vector< ns3::Ptr< ns3::Building > > >'],) in wrapper public: retval? ???::End (params?) const;
  is_const=True)
/afs/inf.ed.ac.uk/user/s12/s1232200/Year-4/CN/cwk1/ns/ns-3.18/src/buildings/bindings/modulegen__gcc_LP64.py:658: Warning: exception TypeLookupError(['__gnu_cxx::__normal_iterator< ns3::Ptr< ns3::Building > const, std::vector< ns3::Ptr< ns3::Building > > >'],) in wrapper public: retval? ???::Begin (params?);
  is_static=True)
/afs/inf.ed.ac.uk/user/s12/s1232200/Year-4/CN/cwk1/ns/ns-3.18/src/buildings/bindings/modulegen__gcc_LP64.py:663: Warning: exception TypeLookupError(['__gnu_cxx::__normal_iterator< ns3::Ptr< ns3::Building > const, std::vector< ns3::Ptr< ns3::Building > > >'],) in wrapper public: retval? ???::End (params?);
  is_static=True)
/afs/inf.ed.ac.uk/user/s12/s1232200/Year-4/CN/cwk1/ns/ns-3.18/src/buildings/bindings/modulegen__gcc_LP64.py:695: Warning: exception TypeLookupError(['ns3::Ptr< ns3::MobilityModel >', 'ns3::MobilityModel *'],) in wrapper public: retval? ???::MakeConsistent (params?);
  is_static=True)
/afs/inf.ed.ac.uk/user/s12/s1232200/Year-4/CN/cwk1/ns/ns-3.18/src/buildings/bindings/modulegen__gcc_LP64.py:767: Warning: exception TypeLookupError(['ns3::Rectangle &'],) in wrapper public: retval? ???::UpdateWithBounds (params?) const;
  is_const=True)
/afs/inf.ed.ac.uk/user/s12/s1232200/Year-4/CN/cwk1/ns/ns-3.18/src/buildings/bindings/modulegen__gcc_LP64.py:831: Warning: exception TypeConfigurationError('direction not given',) in wrapper public: retval? ???::Deserialize (params?);
  is_static=True)
/afs/inf.ed.ac.uk/user/s12/s1232200/Year-4/CN/cwk1/ns/ns-3.18/src/buildings/bindings/modulegen__gcc_LP64.py:896: Warning: exception TypeLookupError(['std::ostream &'],) in wrapper public: retval? ???::Print (params?) const;
  is_const=True)
/afs/inf.ed.ac.uk/user/s12/s1232200/Year-4/CN/cwk1/ns/ns-3.18/src/buildings/bindings/modulegen__gcc_LP64.py:901: Warning: exception TypeConfigurationError('direction not given',) in wrapper public: retval? ???::Serialize (params?) const;
  is_const=True)
/afs/inf.ed.ac.uk/user/s12/s1232200/Year-4/CN/cwk1/ns/ns-3.18/src/buildings/bindings/modulegen__gcc_LP64.py:968: Warning: exception TypeLookupError(['std::ostream &'],) in wrapper public: retval? ???::Print (params?) const;
  is_const=True)
/afs/inf.ed.ac.uk/user/s12/s1232200/Year-4/CN/cwk1/ns/ns-3.18/src/buildings/bindings/modulegen__gcc_LP64.py:985: Warning: exception TypeConfigurationError('direction not given',) in wrapper <pybindgen.cppmethod.CppConstructor object at 0x1393a90>
  cls.add_constructor([param('uint8_t *', 'address')])
/afs/inf.ed.ac.uk/user/s12/s1232200/Year-4/CN/cwk1/ns/ns-3.18/src/buildings/bindings/modulegen__gcc_LP64.py:1003: Warning: exception TypeConfigurationError('direction not given',) in wrapper public: retval? ???::Deserialize (params?);
  is_static=True)
/afs/inf.ed.ac.uk/user/s12/s1232200/Year-4/CN/cwk1/ns/ns-3.18/src/buildings/bindings/modulegen__gcc_LP64.py:1028: Warning: exception TypeConfigurationError('direction not given',) in wrapper public: retval? ???::GetBytes (params?) const;
  is_const=True)
/afs/inf.ed.ac.uk/user/s12/s1232200/Year-4/CN/cwk1/ns/ns-3.18/src/buildings/bindings/modulegen__gcc_LP64.py:1117: Warning: exception TypeLookupError(['ns3::Mac16Address'],) in wrapper public: retval? ???::MakeAutoconfiguredAddress (params?);
  is_static=True)
/afs/inf.ed.ac.uk/user/s12/s1232200/Year-4/CN/cwk1/ns/ns-3.18/src/buildings/bindings/modulegen__gcc_LP64.py:1122: Warning: exception TypeLookupError(['ns3::Mac48Address'],) in wrapper public: retval? ???::MakeAutoconfiguredAddress (params?);
  is_static=True)
/afs/inf.ed.ac.uk/user/s12/s1232200/Year-4/CN/cwk1/ns/ns-3.18/src/buildings/bindings/modulegen__gcc_LP64.py:1127: Warning: exception TypeLookupError(['ns3::Mac64Address'],) in wrapper public: retval? ???::MakeAutoconfiguredAddress (params?);
  is_static=True)
/afs/inf.ed.ac.uk/user/s12/s1232200/Year-4/CN/cwk1/ns/ns-3.18/src/buildings/bindings/modulegen__gcc_LP64.py:1132: Warning: exception TypeLookupError(['ns3::Mac16Address'],) in wrapper public: retval? ???::MakeAutoconfiguredLinkLocalAddress (params?);
  is_static=True)
/afs/inf.ed.ac.uk/user/s12/s1232200/Year-4/CN/cwk1/ns/ns-3.18/src/buildings/bindings/modulegen__gcc_LP64.py:1137: Warning: exception TypeLookupError(['ns3::Mac48Address'],) in wrapper public: retval? ???::MakeAutoconfiguredLinkLocalAddress (params?);
  is_static=True)
/afs/inf.ed.ac.uk/user/s12/s1232200/Year-4/CN/cwk1/ns/ns-3.18/src/buildings/bindings/modulegen__gcc_LP64.py:1142: Warning: exception TypeLookupError(['ns3::Mac64Address'],) in wrapper public: retval? ???::MakeAutoconfiguredLinkLocalAddress (params?);
  is_static=True)
/afs/inf.ed.ac.uk/user/s12/s1232200/Year-4/CN/cwk1/ns/ns-3.18/src/buildings/bindings/modulegen__gcc_LP64.py:1157: Warning: exception TypeLookupError(['std::ostream &'],) in wrapper public: retval? ???::Print (params?) const;
  is_const=True)
/afs/inf.ed.ac.uk/user/s12/s1232200/Year-4/CN/cwk1/ns/ns-3.18/src/buildings/bindings/modulegen__gcc_LP64.py:1162: Warning: exception TypeConfigurationError('direction not given',) in wrapper public: retval? ???::Serialize (params?) const;
  is_const=True)
/afs/inf.ed.ac.uk/user/s12/s1232200/Year-4/CN/cwk1/ns/ns-3.18/src/buildings/bindings/modulegen__gcc_LP64.py:1170: Warning: exception TypeConfigurationError('direction not given',) in wrapper public: retval? ???::Set (params?);
  [param('uint8_t *', 'address')])
/afs/inf.ed.ac.uk/user/s12/s1232200/Year-4/CN/cwk1/ns/ns-3.18/src/buildings/bindings/modulegen__gcc_LP64.py:1180: Warning: exception TypeConfigurationError('direction not given',) in wrapper <pybindgen.cppmethod.CppConstructor object at 0x1470390>
  cls.add_constructor([param('uint8_t *', 'prefix')])
/afs/inf.ed.ac.uk/user/s12/s1232200/Year-4/CN/cwk1/ns/ns-3.18/src/buildings/bindings/modulegen__gcc_LP64.py:1193: Warning: exception TypeConfigurationError('direction not given',) in wrapper public: retval? ???::GetBytes (params?) const;
  is_const=True)
/afs/inf.ed.ac.uk/user/s12/s1232200/Year-4/CN/cwk1/ns/ns-3.18/src/buildings/bindings/modulegen__gcc_LP64.py:1228: Warning: exception TypeLookupError(['std::ostream &'],) in wrapper public: retval? ???::Print (params?) const;
  is_const=True)
/afs/inf.ed.ac.uk/user/s12/s1232200/Year-4/CN/cwk1/ns/ns-3.18/src/buildings/bindings/modulegen__gcc_LP64.py:1264: Warning: exception TypeLookupError(['__gnu_cxx::__normal_iterator< ns3::Ptr< ns3::Node >, std::vector< ns3::Ptr< ns3::Node > > >'],) in wrapper public: retval? ???::Begin (params?) const;
  is_const=True)
/afs/inf.ed.ac.uk/user/s12/s1232200/Year-4/CN/cwk1/ns/ns-3.18/src/buildings/bindings/modulegen__gcc_LP64.py:1277: Warning: exception TypeLookupError(['__gnu_cxx::__normal_iterator< ns3::Ptr< ns3::Node >, std::vector< ns3::Ptr< ns3::Node > > >'],) in wrapper public: retval? ???::End (params?) const;
  is_const=True)
/afs/inf.ed.ac.uk/user/s12/s1232200/Year-4/CN/cwk1/ns/ns-3.18/src/buildings/bindings/modulegen__gcc_LP64.py:1365: Warning: exception TypeConfigurationError('Missing transfer_ownership option',) in wrapper public: retval? ???::Delete (params?);
  is_static=True)
/afs/inf.ed.ac.uk/user/s12/s1232200/Year-4/CN/cwk1/ns/ns-3.18/src/buildings/bindings/modulegen__gcc_LP64.py:1420: Warning: exception TypeConfigurationError('direction not given',) in wrapper <pybindgen.cppmethod.CppConstructor object at 0x15841d0>
  cls.add_constructor([param('uint8_t *', 'start'), param('uint8_t *', 'end')])
/afs/inf.ed.ac.uk/user/s12/s1232200/Year-4/CN/cwk1/ns/ns-3.18/src/buildings/bindings/modulegen__gcc_LP64.py:1428: Warning: exception TypeConfigurationError('direction not given',) in wrapper public: retval? ???::Read (params?);
  [param('uint8_t *', 'buffer'), param('uint32_t', 'size')])
/afs/inf.ed.ac.uk/user/s12/s1232200/Year-4/CN/cwk1/ns/ns-3.18/src/buildings/bindings/modulegen__gcc_LP64.py:1456: Warning: exception TypeConfigurationError('direction not given',) in wrapper public: retval? ???::Write (params?);
  [param('uint8_t const *', 'buffer'), param('uint32_t', 'size')])
/afs/inf.ed.ac.uk/user/s12/s1232200/Year-4/CN/cwk1/ns/ns-3.18/src/buildings/bindings/modulegen__gcc_LP64.py:1521: Warning: exception TypeLookupError(['ns3::Callback< ns3::ObjectBase *, ns3::empty, ns3::empty, ns3::empty, ns3::empty, ns3::empty, ns3::empty, ns3::empty, ns3::empty, ns3::empty >'],) in wrapper public: retval? ???::GetConstructor (params?) const;
  is_const=True)
/afs/inf.ed.ac.uk/user/s12/s1232200/Year-4/CN/cwk1/ns/ns-3.18/src/buildings/bindings/modulegen__gcc_LP64.py:1600: Warning: exception TypeConfigurationError('Missing transfer_ownership option',) in wrapper public: retval? ???::LookupByHashFailSafe (params?);
  is_static=True)
bindings/python/ns3modulegen-modular.py:27: UserWarning: exception TypeLookupError(['short unsigned int'],) in wrapper None
  warnings.warn("exception %r in wrapper %s" % (exception, wrapper))
/afs/inf.ed.ac.uk/user/s12/s1232200/Year-4/CN/cwk1/ns/ns-3.18/src/buildings/bindings/modulegen__gcc_LP64.py:1920: Warning: exception TypeLookupError(['ns3::Ptr< ns3::MobilityModel >', 'ns3::MobilityModel *'],) in wrapper public: retval? ???::CalcRxPower (params?) const;
  is_const=True)
/afs/inf.ed.ac.uk/user/s12/s1232200/Year-4/CN/cwk1/ns/ns-3.18/src/buildings/bindings/modulegen__gcc_LP64.py:1929: Warning: exception TypeLookupError(['ns3::Ptr< ns3::MobilityModel >', 'ns3::MobilityModel *'],) in wrapper private: virtual retval? ???::DoCalcRxPower (params?) const = 0;
  is_pure_virtual=True, is_const=True, visibility='private', is_virtual=True)
/afs/inf.ed.ac.uk/user/s12/s1232200/Year-4/CN/cwk1/ns/ns-3.18/src/buildings/bindings/modulegen__gcc_LP64.py:2043: Warning: exception TypeLookupError(['ns3::Ptr< ns3::MobilityModel >', 'ns3::MobilityModel *'],) in wrapper private: virtual retval? ???::DoCalcRxPower (params?) const;
  is_const=True, visibility='private', is_virtual=True)
/afs/inf.ed.ac.uk/user/s12/s1232200/Year-4/CN/cwk1/ns/ns-3.18/src/buildings/bindings/modulegen__gcc_LP64.py:2143: Warning: exception TypeLookupError(['ns3::RngStream *'],) in wrapper protected: retval? ???::Peek (params?) const;
  is_const=True, visibility='protected')
/afs/inf.ed.ac.uk/user/s12/s1232200/Year-4/CN/cwk1/ns/ns-3.18/src/buildings/bindings/modulegen__gcc_LP64.py:2158: Warning: exception TypeLookupError(['ns3::Ptr< ns3::MobilityModel >', 'ns3::MobilityModel *'],) in wrapper private: virtual retval? ???::DoCalcRxPower (params?) const;
  is_const=True, visibility='private', is_virtual=True)
/afs/inf.ed.ac.uk/user/s12/s1232200/Year-4/CN/cwk1/ns/ns-3.18/src/buildings/bindings/modulegen__gcc_LP64.py:2314: Warning: exception TypeLookupError(['ns3::Ptr< ns3::MobilityModel >', 'ns3::MobilityModel *'],) in wrapper private: virtual retval? ???::DoCalcRxPower (params?) const;
  is_const=True, visibility='private', is_virtual=True)
/afs/inf.ed.ac.uk/user/s12/s1232200/Year-4/CN/cwk1/ns/ns-3.18/src/buildings/bindings/modulegen__gcc_LP64.py:2606: Warning: exception TypeLookupError(['ns3::Ptr< ns3::MobilityModel >', 'ns3::MobilityModel *'],) in wrapper private: virtual retval? ???::DoCalcRxPower (params?) const;
  is_const=True, visibility='private', is_virtual=True)
/afs/inf.ed.ac.uk/user/s12/s1232200/Year-4/CN/cwk1/ns/ns-3.18/src/buildings/bindings/modulegen__gcc_LP64.py:3036: Warning: exception TypeLookupError(['ns3::Ptr< ns3::MobilityModel >', 'ns3::MobilityModel *'],) in wrapper public: virtual retval? ???::DoCalcRxPower (params?) const;
  is_const=True, is_virtual=True)
/afs/inf.ed.ac.uk/user/s12/s1232200/Year-4/CN/cwk1/ns/ns-3.18/src/buildings/bindings/modulegen__gcc_LP64.py:3041: Warning: exception TypeLookupError(['ns3::Ptr< ns3::MobilityModel >', 'ns3::MobilityModel *'],) in wrapper public: virtual retval? ???::GetLoss (params?) const = 0;
  is_pure_virtual=True, is_const=True, is_virtual=True)
/afs/inf.ed.ac.uk/user/s12/s1232200/Year-4/CN/cwk1/ns/ns-3.18/src/buildings/bindings/modulegen__gcc_LP64.py:3066: Warning: exception TypeLookupError(['ns3::Ptr< ns3::MobilityModel >', 'ns3::MobilityModel *'],) in wrapper protected: retval? ???::GetShadowing (params?) const;
  is_const=True, visibility='protected')
/afs/inf.ed.ac.uk/user/s12/s1232200/Year-4/CN/cwk1/ns/ns-3.18/src/buildings/bindings/modulegen__gcc_LP64.py:3331: Warning: exception TypeLookupError(['ns3::Ptr< ns3::MobilityModel >', 'ns3::MobilityModel *'],) in wrapper private: virtual retval? ???::DoCalcRxPower (params?) const;
  is_const=True, visibility='private', is_virtual=True)
/afs/inf.ed.ac.uk/user/s12/s1232200/Year-4/CN/cwk1/ns/ns-3.18/src/buildings/bindings/modulegen__gcc_LP64.py:3378: Warning: exception TypeLookupError(['ns3::Ptr< ns3::MobilityModel >', 'ns3::MobilityModel *'],) in wrapper private: virtual retval? ???::DoCalcRxPower (params?) const;
  is_const=True, visibility='private', is_virtual=True)
/afs/inf.ed.ac.uk/user/s12/s1232200/Year-4/CN/cwk1/ns/ns-3.18/src/buildings/bindings/modulegen__gcc_LP64.py:3549: Warning: exception TypeLookupError(['ns3::Ptr< ns3::MobilityModel >', 'ns3::MobilityModel *'],) in wrapper public: virtual retval? ???::GetLoss (params?) const;
  is_const=True, is_virtual=True)
/afs/inf.ed.ac.uk/user/s12/s1232200/Year-4/CN/cwk1/ns/ns-3.18/src/buildings/bindings/modulegen__gcc_LP64.py:3724: Warning: exception TypeLookupError(['ns3::Ptr< ns3::MobilityModel >', 'ns3::MobilityModel *'],) in wrapper public: retval? ???::GetLoss (params?) const;
  is_const=True)
/afs/inf.ed.ac.uk/user/s12/s1232200/Year-4/CN/cwk1/ns/ns-3.18/src/buildings/bindings/modulegen__gcc_LP64.py:3729: Warning: exception TypeLookupError(['ns3::Ptr< ns3::MobilityModel >', 'ns3::MobilityModel *'],) in wrapper private: virtual retval? ???::DoCalcRxPower (params?) const;
  is_const=True, visibility='private', is_virtual=True)
/afs/inf.ed.ac.uk/user/s12/s1232200/Year-4/CN/cwk1/ns/ns-3.18/src/buildings/bindings/modulegen__gcc_LP64.py:3788: Warning: exception TypeLookupError(['ns3::Ptr< ns3::MobilityModel >', 'ns3::MobilityModel *'],) in wrapper private: virtual retval? ???::DoCalcRxPower (params?) const;
  is_const=True, visibility='private', is_virtual=True)
/afs/inf.ed.ac.uk/user/s12/s1232200/Year-4/CN/cwk1/ns/ns-3.18/src/buildings/bindings/modulegen__gcc_LP64.py:3845: Warning: exception TypeLookupError(['ns3::Ptr< ns3::MobilityModel >', 'ns3::MobilityModel *'],) in wrapper public: retval? ???::SetLoss (params?);
  [param('ns3::Ptr< ns3::MobilityModel >', 'a'), param('ns3::Ptr< ns3::MobilityModel >', 'b'), param('double', 'loss'), param('bool', 'symmetric', default_value='true')])
/afs/inf.ed.ac.uk/user/s12/s1232200/Year-4/CN/cwk1/ns/ns-3.18/src/buildings/bindings/modulegen__gcc_LP64.py:3854: Warning: exception TypeLookupError(['ns3::Ptr< ns3::MobilityModel >', 'ns3::MobilityModel *'],) in wrapper private: virtual retval? ???::DoCalcRxPower (params?) const;
  is_const=True, visibility='private', is_virtual=True)
/afs/inf.ed.ac.uk/user/s12/s1232200/Year-4/CN/cwk1/ns/ns-3.18/src/buildings/bindings/modulegen__gcc_LP64.py:3924: Warning: exception TypeLookupError(['ns3::Ptr< ns3::MobilityModel >', 'ns3::MobilityModel *'],) in wrapper private: virtual retval? ???::DoCalcRxPower (params?) const;
  is_const=True, visibility='private', is_virtual=True)
/afs/inf.ed.ac.uk/user/s12/s1232200/Year-4/CN/cwk1/ns/ns-3.18/src/buildings/bindings/modulegen__gcc_LP64.py:3941: Warning: exception TypeLookupError(['ns3::Callback< void, ns3::empty, ns3::empty, ns3::empty, ns3::empty, ns3::empty, ns3::empty, ns3::empty, ns3::empty, ns3::empty >'],) in wrapper public: virtual retval? ???::AddLinkChangeCallback (params?) = 0;
  is_pure_virtual=True, is_virtual=True)
/afs/inf.ed.ac.uk/user/s12/s1232200/Year-4/CN/cwk1/ns/ns-3.18/src/buildings/bindings/modulegen__gcc_LP64.py:3956: Warning: exception TypeLookupError(['ns3::Ptr< ns3::Channel >', 'ns3::Channel *'],) in wrapper public: virtual retval? ???::GetChannel (params?) const = 0;
  is_pure_virtual=True, is_const=True, is_virtual=True)
/afs/inf.ed.ac.uk/user/s12/s1232200/Year-4/CN/cwk1/ns/ns-3.18/src/buildings/bindings/modulegen__gcc_LP64.py:4021: Warning: exception TypeLookupError(['ns3::Ptr< ns3::Packet >', 'ns3::Packet *'],) in wrapper public: virtual retval? ???::Send (params?) = 0;
  is_pure_virtual=True, is_virtual=True)
/afs/inf.ed.ac.uk/user/s12/s1232200/Year-4/CN/cwk1/ns/ns-3.18/src/buildings/bindings/modulegen__gcc_LP64.py:4026: Warning: exception TypeLookupError(['ns3::Ptr< ns3::Packet >', 'ns3::Packet *'],) in wrapper public: virtual retval? ???::SendFrom (params?) = 0;
  is_pure_virtual=True, is_virtual=True)
/afs/inf.ed.ac.uk/user/s12/s1232200/Year-4/CN/cwk1/ns/ns-3.18/src/buildings/bindings/modulegen__gcc_LP64.py:4051: Warning: exception TypeLookupError(['ns3::Callback< bool, ns3::Ptr< ns3::NetDevice >, ns3::Ptr< ns3::Packet const >, short unsigned int, ns3::Address const &, ns3::Address const &, ns3::NetDevice::PacketType, ns3::empty, ns3::empty, ns3::empty >'],) in wrapper public: virtual retval? ???::SetPromiscReceiveCallback (params?) = 0;
  is_pure_virtual=True, is_virtual=True)
/afs/inf.ed.ac.uk/user/s12/s1232200/Year-4/CN/cwk1/ns/ns-3.18/src/buildings/bindings/modulegen__gcc_LP64.py:4056: Warning: exception TypeLookupError(['ns3::Callback< bool, ns3::Ptr< ns3::NetDevice >, ns3::Ptr< ns3::Packet const >, short unsigned int, ns3::Address const &, ns3::empty, ns3::empty, ns3::empty, ns3::empty, ns3::empty >'],) in wrapper public: virtual retval? ???::SetReceiveCallback (params?) = 0;
  is_pure_virtual=True, is_virtual=True)
/afs/inf.ed.ac.uk/user/s12/s1232200/Year-4/CN/cwk1/ns/ns-3.18/src/buildings/bindings/modulegen__gcc_LP64.py:4074: Warning: exception TypeLookupError(['ns3::Ptr< ns3::Application >', 'ns3::Application *'],) in wrapper public: retval? ???::AddApplication (params?);
  [param('ns3::Ptr< ns3::Application >', 'application')])
/afs/inf.ed.ac.uk/user/s12/s1232200/Year-4/CN/cwk1/ns/ns-3.18/src/buildings/bindings/modulegen__gcc_LP64.py:4088: Warning: exception TypeLookupError(['ns3::Ptr< ns3::Application >', 'ns3::Application *'],) in wrapper public: retval? ???::GetApplication (params?) const;
  is_const=True)
/afs/inf.ed.ac.uk/user/s12/s1232200/Year-4/CN/cwk1/ns/ns-3.18/src/buildings/bindings/modulegen__gcc_LP64.py:4122: Warning: exception TypeLookupError(['ns3::Callback< void, ns3::Ptr< ns3::NetDevice >, ns3::empty, ns3::empty, ns3::empty, ns3::empty, ns3::empty, ns3::empty, ns3::empty, ns3::empty >'],) in wrapper public: retval? ???::RegisterDeviceAdditionListener (params?);
  [param('ns3::Callback< void, ns3::Ptr< ns3::NetDevice >, ns3::empty, ns3::empty, ns3::empty, ns3::empty, ns3::empty, ns3::empty, ns3::empty, ns3::empty >', 'listener')])
/afs/inf.ed.ac.uk/user/s12/s1232200/Year-4/CN/cwk1/ns/ns-3.18/src/buildings/bindings/modulegen__gcc_LP64.py:4126: Warning: exception TypeLookupError(['ns3::Callback< void, ns3::Ptr< ns3::NetDevice >, ns3::Ptr< ns3::Packet const >, unsigned short, ns3::Address const &, ns3::Address const &, ns3::NetDevice::PacketType, ns3::empty, ns3::empty, ns3::empty >'],) in wrapper public: retval? ???::RegisterProtocolHandler (params?);
  [param('ns3::Callback< void, ns3::Ptr< ns3::NetDevice >, ns3::Ptr< ns3::Packet const >, unsigned short, ns3::Address const &, ns3::Address const &, ns3::NetDevice::PacketType, ns3::empty, ns3::empty, ns3::empty >', 'handler'), param('uint16_t', 'protocolType'), param('ns3::Ptr< ns3::NetDevice >', 'device'), param('bool', 'promiscuous', default_value='false')])
/afs/inf.ed.ac.uk/user/s12/s1232200/Year-4/CN/cwk1/ns/ns-3.18/src/buildings/bindings/modulegen__gcc_LP64.py:4130: Warning: exception TypeLookupError(['ns3::Callback< void, ns3::Ptr< ns3::NetDevice >, ns3::empty, ns3::empty, ns3::empty, ns3::empty, ns3::empty, ns3::empty, ns3::empty, ns3::empty >'],) in wrapper public: retval? ???::UnregisterDeviceAdditionListener (params?);
  [param('ns3::Callback< void, ns3::Ptr< ns3::NetDevice >, ns3::empty, ns3::empty, ns3::empty, ns3::empty, ns3::empty, ns3::empty, ns3::empty, ns3::empty >', 'listener')])
/afs/inf.ed.ac.uk/user/s12/s1232200/Year-4/CN/cwk1/ns/ns-3.18/src/buildings/bindings/modulegen__gcc_LP64.py:4134: Warning: exception TypeLookupError(['ns3::Callback< void, ns3::Ptr< ns3::NetDevice >, ns3::Ptr< ns3::Packet const >, unsigned short, ns3::Address const &, ns3::Address const &, ns3::NetDevice::PacketType, ns3::empty, ns3::empty, ns3::empty >'],) in wrapper public: retval? ???::UnregisterProtocolHandler (params?);
  [param('ns3::Callback< void, ns3::Ptr< ns3::NetDevice >, ns3::Ptr< ns3::Packet const >, unsigned short, ns3::Address const &, ns3::Address const &, ns3::NetDevice::PacketType, ns3::empty, ns3::empty, ns3::empty >', 'handler')])
/afs/inf.ed.ac.uk/user/s12/s1232200/Year-4/CN/cwk1/ns/ns-3.18/src/buildings/bindings/modulegen__gcc_LP64.py:4244: Warning: exception TypeLookupError(['ns3::Ptr< ns3::MobilityModel >', 'ns3::MobilityModel *'],) in wrapper public: virtual retval? ???::GetLoss (params?) const;
  is_const=True, is_virtual=True)
/afs/inf.ed.ac.uk/user/s12/s1232200/Year-4/CN/cwk1/ns/ns-3.18/src/buildings/bindings/modulegen__gcc_LP64.py:4531: Warning: exception TypeLookupError(['ns3::Hash::Hash32Function_ptr'],) in wrapper <pybindgen.cppmethod.CppConstructor object at 0x2711e90>
  cls.add_constructor([param('ns3::Hash::Hash32Function_ptr', 'hp')])
/afs/inf.ed.ac.uk/user/s12/s1232200/Year-4/CN/cwk1/ns/ns-3.18/src/buildings/bindings/modulegen__gcc_LP64.py:4548: Warning: exception TypeLookupError(['ns3::Hash::Hash64Function_ptr'],) in wrapper <pybindgen.cppmethod.CppConstructor object at 0x2714e90>
  cls.add_constructor([param('ns3::Hash::Hash64Function_ptr', 'hp')])
