>>>>>>>>>>>>>>>> [['void', 'ns3::Ptr<ns3::NetDevice>', 'ns3::Ptr<ns3::Packet const>', 'unsigned short', 'ns3::Address const&', 'ns3::Address const&', 'ns3::NetDevice::PacketType', 'ns3::empty', 'ns3::empty', 'ns3::empty']]
/afs/inf.ed.ac.uk/user/s12/s1232200/Year-4/CN/cwk1/ns/ns-3.18/bindings/python/ns3modulegen_core_customizations.py:228: Warning: ***** Unable to register callback; parameter 'ns3::Ptr<ns3::Packet const> arg2' error (used in ns3::Callback< void, ns3::Ptr<ns3::NetDevice>, ns3::Ptr<ns3::Packet const>, unsigned short, ns3::Address const&, ns3::Address const&, ns3::NetDevice::PacketType, ns3::empty, ns3::empty, ns3::empty >): TypeLookupError(['ns3::Ptr< ns3::Packet const >', 'ns3::Packet *'],)
  Warning)
/afs/inf.ed.ac.uk/user/s12/s1232200/Year-4/CN/cwk1/ns/ns-3.18/src/mobility/bindings/modulegen__gcc_LP64.py:453: Warning: exception TypeConfigurationError('direction not given',) in wrapper <pybindgen.cppmethod.CppConstructor object at 0x15f2910>
  cls.add_constructor([param('uint8_t', 'type'), param('uint8_t const *', 'buffer'), param('uint8_t', 'len')])
/afs/inf.ed.ac.uk/user/s12/s1232200/Year-4/CN/cwk1/ns/ns-3.18/src/mobility/bindings/modulegen__gcc_LP64.py:464: Warning: exception TypeConfigurationError('direction not given',) in wrapper public: retval? ???::CopyAllFrom (params?);
  [param('uint8_t const *', 'buffer'), param('uint8_t', 'len')])
/afs/inf.ed.ac.uk/user/s12/s1232200/Year-4/CN/cwk1/ns/ns-3.18/src/mobility/bindings/modulegen__gcc_LP64.py:469: Warning: exception TypeConfigurationError('direction not given',) in wrapper public: retval? ???::CopyAllTo (params?) const;
  is_const=True)
/afs/inf.ed.ac.uk/user/s12/s1232200/Year-4/CN/cwk1/ns/ns-3.18/src/mobility/bindings/modulegen__gcc_LP64.py:473: Warning: exception TypeConfigurationError('direction not given',) in wrapper public: retval? ???::CopyFrom (params?);
  [param('uint8_t const *', 'buffer'), param('uint8_t', 'len')])
/afs/inf.ed.ac.uk/user/s12/s1232200/Year-4/CN/cwk1/ns/ns-3.18/src/mobility/bindings/modulegen__gcc_LP64.py:478: Warning: exception TypeConfigurationError('direction not given',) in wrapper public: retval? ???::CopyTo (params?) const;
  is_const=True)
/afs/inf.ed.ac.uk/user/s12/s1232200/Year-4/CN/cwk1/ns/ns-3.18/src/mobility/bindings/modulegen__gcc_LP64.py:528: Warning: exception TypeLookupError(['std::_List_const_iterator< ns3::AttributeConstructionList::Item >'],) in wrapper public: retval? ???::Begin (params?) const;
  is_const=True)
/afs/inf.ed.ac.uk/user/s12/s1232200/Year-4/CN/cwk1/ns/ns-3.18/src/mobility/bindings/modulegen__gcc_LP64.py:533: Warning: exception TypeLookupError(['std::_List_const_iterator< ns3::AttributeConstructionList::Item >'],) in wrapper public: retval? ???::End (params?) const;
  is_const=True)
/afs/inf.ed.ac.uk/user/s12/s1232200/Year-4/CN/cwk1/ns/ns-3.18/src/mobility/bindings/modulegen__gcc_LP64.py:671: Warning: exception TypeLookupError(['ns3::Ptr< ns3::EventImpl > &'],) in wrapper <pybindgen.cppmethod.CppConstructor object at 0x1678310>
  cls.add_constructor([param('ns3::Ptr< ns3::EventImpl > const &', 'impl'), param('uint64_t', 'ts'), param('uint32_t', 'context'), param('uint32_t', 'uid')])
/afs/inf.ed.ac.uk/user/s12/s1232200/Year-4/CN/cwk1/ns/ns-3.18/src/mobility/bindings/modulegen__gcc_LP64.py:705: Warning: exception TypeConfigurationError('Either caller_owns_return or self.reference_existing_object must be given',) in wrapper public: retval? ???::PeekEventImpl (params?) const;
  is_const=True)
/afs/inf.ed.ac.uk/user/s12/s1232200/Year-4/CN/cwk1/ns/ns-3.18/src/mobility/bindings/modulegen__gcc_LP64.py:764: Warning: exception TypeConfigurationError('direction not given',) in wrapper public: retval? ???::Deserialize (params?);
  is_static=True)
/afs/inf.ed.ac.uk/user/s12/s1232200/Year-4/CN/cwk1/ns/ns-3.18/src/mobility/bindings/modulegen__gcc_LP64.py:829: Warning: exception TypeLookupError(['std::ostream &'],) in wrapper public: retval? ???::Print (params?) const;
  is_const=True)
/afs/inf.ed.ac.uk/user/s12/s1232200/Year-4/CN/cwk1/ns/ns-3.18/src/mobility/bindings/modulegen__gcc_LP64.py:834: Warning: exception TypeConfigurationError('direction not given',) in wrapper public: retval? ???::Serialize (params?) const;
  is_const=True)
/afs/inf.ed.ac.uk/user/s12/s1232200/Year-4/CN/cwk1/ns/ns-3.18/src/mobility/bindings/modulegen__gcc_LP64.py:901: Warning: exception TypeLookupError(['std::ostream &'],) in wrapper public: retval? ???::Print (params?) const;
  is_const=True)
/afs/inf.ed.ac.uk/user/s12/s1232200/Year-4/CN/cwk1/ns/ns-3.18/src/mobility/bindings/modulegen__gcc_LP64.py:918: Warning: exception TypeConfigurationError('direction not given',) in wrapper <pybindgen.cppmethod.CppConstructor object at 0x128b190>
  cls.add_constructor([param('uint8_t *', 'address')])
/afs/inf.ed.ac.uk/user/s12/s1232200/Year-4/CN/cwk1/ns/ns-3.18/src/mobility/bindings/modulegen__gcc_LP64.py:936: Warning: exception TypeConfigurationError('direction not given',) in wrapper public: retval? ???::Deserialize (params?);
  is_static=True)
/afs/inf.ed.ac.uk/user/s12/s1232200/Year-4/CN/cwk1/ns/ns-3.18/src/mobility/bindings/modulegen__gcc_LP64.py:961: Warning: exception TypeConfigurationError('direction not given',) in wrapper public: retval? ???::GetBytes (params?) const;
  is_const=True)
/afs/inf.ed.ac.uk/user/s12/s1232200/Year-4/CN/cwk1/ns/ns-3.18/src/mobility/bindings/modulegen__gcc_LP64.py:1050: Warning: exception TypeLookupError(['ns3::Mac16Address'],) in wrapper public: retval? ???::MakeAutoconfiguredAddress (params?);
  is_static=True)
/afs/inf.ed.ac.uk/user/s12/s1232200/Year-4/CN/cwk1/ns/ns-3.18/src/mobility/bindings/modulegen__gcc_LP64.py:1055: Warning: exception TypeLookupError(['ns3::Mac48Address'],) in wrapper public: retval? ???::MakeAutoconfiguredAddress (params?);
  is_static=True)
/afs/inf.ed.ac.uk/user/s12/s1232200/Year-4/CN/cwk1/ns/ns-3.18/src/mobility/bindings/modulegen__gcc_LP64.py:1060: Warning: exception TypeLookupError(['ns3::Mac64Address'],) in wrapper public: retval? ???::MakeAutoconfiguredAddress (params?);
  is_static=True)
/afs/inf.ed.ac.uk/user/s12/s1232200/Year-4/CN/cwk1/ns/ns-3.18/src/mobility/bindings/modulegen__gcc_LP64.py:1065: Warning: exception TypeLookupError(['ns3::Mac16Address'],) in wrapper public: retval? ???::MakeAutoconfiguredLinkLocalAddress (params?);
  is_static=True)
/afs/inf.ed.ac.uk/user/s12/s1232200/Year-4/CN/cwk1/ns/ns-3.18/src/mobility/bindings/modulegen__gcc_LP64.py:1070: Warning: exception TypeLookupError(['ns3::Mac48Address'],) in wrapper public: retval? ???::MakeAutoconfiguredLinkLocalAddress (params?);
  is_static=True)
/afs/inf.ed.ac.uk/user/s12/s1232200/Year-4/CN/cwk1/ns/ns-3.18/src/mobility/bindings/modulegen__gcc_LP64.py:1075: Warning: exception TypeLookupError(['ns3::Mac64Address'],) in wrapper public: retval? ???::MakeAutoconfiguredLinkLocalAddress (params?);
  is_static=True)
/afs/inf.ed.ac.uk/user/s12/s1232200/Year-4/CN/cwk1/ns/ns-3.18/src/mobility/bindings/modulegen__gcc_LP64.py:1090: Warning: exception TypeLookupError(['std::ostream &'],) in wrapper public: retval? ???::Print (params?) const;
  is_const=True)
/afs/inf.ed.ac.uk/user/s12/s1232200/Year-4/CN/cwk1/ns/ns-3.18/src/mobility/bindings/modulegen__gcc_LP64.py:1095: Warning: exception TypeConfigurationError('direction not given',) in wrapper public: retval? ???::Serialize (params?) const;
  is_const=True)
/afs/inf.ed.ac.uk/user/s12/s1232200/Year-4/CN/cwk1/ns/ns-3.18/src/mobility/bindings/modulegen__gcc_LP64.py:1103: Warning: exception TypeConfigurationError('direction not given',) in wrapper public: retval? ???::Set (params?);
  [param('uint8_t *', 'address')])
/afs/inf.ed.ac.uk/user/s12/s1232200/Year-4/CN/cwk1/ns/ns-3.18/src/mobility/bindings/modulegen__gcc_LP64.py:1113: Warning: exception TypeConfigurationError('direction not given',) in wrapper <pybindgen.cppmethod.CppConstructor object at 0x12aaa50>
  cls.add_constructor([param('uint8_t *', 'prefix')])
/afs/inf.ed.ac.uk/user/s12/s1232200/Year-4/CN/cwk1/ns/ns-3.18/src/mobility/bindings/modulegen__gcc_LP64.py:1126: Warning: exception TypeConfigurationError('direction not given',) in wrapper public: retval? ???::GetBytes (params?) const;
  is_const=True)
/afs/inf.ed.ac.uk/user/s12/s1232200/Year-4/CN/cwk1/ns/ns-3.18/src/mobility/bindings/modulegen__gcc_LP64.py:1161: Warning: exception TypeLookupError(['std::ostream &'],) in wrapper public: retval? ???::Print (params?) const;
  is_const=True)
/afs/inf.ed.ac.uk/user/s12/s1232200/Year-4/CN/cwk1/ns/ns-3.18/src/mobility/bindings/modulegen__gcc_LP64.py:1271: Warning: exception TypeLookupError(['__gnu_cxx::__normal_iterator< ns3::Ptr< ns3::Node > const, std::vector< ns3::Ptr< ns3::Node > > >'],) in wrapper public: retval? ???::Begin (params?) const;
  is_const=True)
/afs/inf.ed.ac.uk/user/s12/s1232200/Year-4/CN/cwk1/ns/ns-3.18/src/mobility/bindings/modulegen__gcc_LP64.py:1284: Warning: exception TypeLookupError(['__gnu_cxx::__normal_iterator< ns3::Ptr< ns3::Node > const, std::vector< ns3::Ptr< ns3::Node > > >'],) in wrapper public: retval? ???::End (params?) const;
  is_const=True)
/afs/inf.ed.ac.uk/user/s12/s1232200/Year-4/CN/cwk1/ns/ns-3.18/src/mobility/bindings/modulegen__gcc_LP64.py:1384: Warning: exception TypeConfigurationError('Missing transfer_ownership option',) in wrapper public: retval? ???::Delete (params?);
  is_static=True)
/afs/inf.ed.ac.uk/user/s12/s1232200/Year-4/CN/cwk1/ns/ns-3.18/src/mobility/bindings/modulegen__gcc_LP64.py:1472: Warning: exception TypeConfigurationError('direction not given',) in wrapper <pybindgen.cppmethod.CppConstructor object at 0x14a11d0>
  cls.add_constructor([param('uint8_t *', 'start'), param('uint8_t *', 'end')])
/afs/inf.ed.ac.uk/user/s12/s1232200/Year-4/CN/cwk1/ns/ns-3.18/src/mobility/bindings/modulegen__gcc_LP64.py:1480: Warning: exception TypeConfigurationError('direction not given',) in wrapper public: retval? ???::Read (params?);
  [param('uint8_t *', 'buffer'), param('uint32_t', 'size')])
/afs/inf.ed.ac.uk/user/s12/s1232200/Year-4/CN/cwk1/ns/ns-3.18/src/mobility/bindings/modulegen__gcc_LP64.py:1508: Warning: exception TypeConfigurationError('direction not given',) in wrapper public: retval? ???::Write (params?);
  [param('uint8_t const *', 'buffer'), param('uint32_t', 'size')])
/afs/inf.ed.ac.uk/user/s12/s1232200/Year-4/CN/cwk1/ns/ns-3.18/src/mobility/bindings/modulegen__gcc_LP64.py:1573: Warning: exception TypeLookupError(['ns3::Callback< ns3::ObjectBase *, ns3::empty, ns3::empty, ns3::empty, ns3::empty, ns3::empty, ns3::empty, ns3::empty, ns3::empty, ns3::empty >'],) in wrapper public: retval? ???::GetConstructor (params?) const;
  is_const=True)
/afs/inf.ed.ac.uk/user/s12/s1232200/Year-4/CN/cwk1/ns/ns-3.18/src/mobility/bindings/modulegen__gcc_LP64.py:1652: Warning: exception TypeConfigurationError('Missing transfer_ownership option',) in wrapper public: retval? ???::LookupByHashFailSafe (params?);
  is_static=True)
bindings/python/ns3modulegen-modular.py:27: UserWarning: exception TypeLookupError(['short unsigned int'],) in wrapper None
  warnings.warn("exception %r in wrapper %s" % (exception, wrapper))
/afs/inf.ed.ac.uk/user/s12/s1232200/Year-4/CN/cwk1/ns/ns-3.18/src/mobility/bindings/modulegen__gcc_LP64.py:2108: Warning: exception TypeLookupError(['ns3::RngStream *'],) in wrapper protected: retval? ???::Peek (params?) const;
  is_const=True, visibility='protected')
/afs/inf.ed.ac.uk/user/s12/s1232200/Year-4/CN/cwk1/ns/ns-3.18/src/mobility/bindings/modulegen__gcc_LP64.py:3477: Warning: exception TypeLookupError(['ns3::Callback< void, ns3::empty, ns3::empty, ns3::empty, ns3::empty, ns3::empty, ns3::empty, ns3::empty, ns3::empty, ns3::empty >'],) in wrapper public: virtual retval? ???::AddLinkChangeCallback (params?) = 0;
  is_pure_virtual=True, is_virtual=True)
/afs/inf.ed.ac.uk/user/s12/s1232200/Year-4/CN/cwk1/ns/ns-3.18/src/mobility/bindings/modulegen__gcc_LP64.py:3492: Warning: exception TypeLookupError(['ns3::Ptr< ns3::Channel >', 'ns3::Channel *'],) in wrapper public: virtual retval? ???::GetChannel (params?) const = 0;
  is_pure_virtual=True, is_const=True, is_virtual=True)
/afs/inf.ed.ac.uk/user/s12/s1232200/Year-4/CN/cwk1/ns/ns-3.18/src/mobility/bindings/modulegen__gcc_LP64.py:3557: Warning: exception TypeLookupError(['ns3::Ptr< ns3::Packet >', 'ns3::Packet *'],) in wrapper public: virtual retval? ???::Send (params?) = 0;
  is_pure_virtual=True, is_virtual=True)
/afs/inf.ed.ac.uk/user/s12/s1232200/Year-4/CN/cwk1/ns/ns-3.18/src/mobility/bindings/modulegen__gcc_LP64.py:3562: Warning: exception TypeLookupError(['ns3::Ptr< ns3::Packet >', 'ns3::Packet *'],) in wrapper public: virtual retval? ???::SendFrom (params?) = 0;
  is_pure_virtual=True, is_virtual=True)
/afs/inf.ed.ac.uk/user/s12/s1232200/Year-4/CN/cwk1/ns/ns-3.18/src/mobility/bindings/modulegen__gcc_LP64.py:3587: Warning: exception TypeLookupError(['ns3::Callback< bool, ns3::Ptr< ns3::NetDevice >, ns3::Ptr< ns3::Packet const >, short unsigned int, ns3::Address const &, ns3::Address const &, ns3::NetDevice::PacketType, ns3::empty, ns3::empty, ns3::empty >'],) in wrapper public: virtual retval? ???::SetPromiscReceiveCallback (params?) = 0;
  is_pure_virtual=True, is_virtual=True)
/afs/inf.ed.ac.uk/user/s12/s1232200/Year-4/CN/cwk1/ns/ns-3.18/src/mobility/bindings/modulegen__gcc_LP64.py:3592: Warning: exception TypeLookupError(['ns3::Callback< bool, ns3::Ptr< ns3::NetDevice >, ns3::Ptr< ns3::Packet const >, short unsigned int, ns3::Address const &, ns3::empty, ns3::empty, ns3::empty, ns3::empty, ns3::empty >'],) in wrapper public: virtual retval? ???::SetReceiveCallback (params?) = 0;
  is_pure_virtual=True, is_virtual=True)
/afs/inf.ed.ac.uk/user/s12/s1232200/Year-4/CN/cwk1/ns/ns-3.18/src/mobility/bindings/modulegen__gcc_LP64.py:3610: Warning: exception TypeLookupError(['ns3::Ptr< ns3::Application >', 'ns3::Application *'],) in wrapper public: retval? ???::AddApplication (params?);
  [param('ns3::Ptr< ns3::Application >', 'application')])
/afs/inf.ed.ac.uk/user/s12/s1232200/Year-4/CN/cwk1/ns/ns-3.18/src/mobility/bindings/modulegen__gcc_LP64.py:3624: Warning: exception TypeLookupError(['ns3::Ptr< ns3::Application >', 'ns3::Application *'],) in wrapper public: retval? ???::GetApplication (params?) const;
  is_const=True)
/afs/inf.ed.ac.uk/user/s12/s1232200/Year-4/CN/cwk1/ns/ns-3.18/src/mobility/bindings/modulegen__gcc_LP64.py:3658: Warning: exception TypeLookupError(['ns3::Callback< void, ns3::Ptr< ns3::NetDevice >, ns3::empty, ns3::empty, ns3::empty, ns3::empty, ns3::empty, ns3::empty, ns3::empty, ns3::empty >'],) in wrapper public: retval? ???::RegisterDeviceAdditionListener (params?);
  [param('ns3::Callback< void, ns3::Ptr< ns3::NetDevice >, ns3::empty, ns3::empty, ns3::empty, ns3::empty, ns3::empty, ns3::empty, ns3::empty, ns3::empty >', 'listener')])
/afs/inf.ed.ac.uk/user/s12/s1232200/Year-4/CN/cwk1/ns/ns-3.18/src/mobility/bindings/modulegen__gcc_LP64.py:3662: Warning: exception TypeLookupError(['ns3::Callback< void, ns3::Ptr< ns3::NetDevice >, ns3::Ptr< ns3::Packet const >, unsigned short, ns3::Address const &, ns3::Address const &, ns3::NetDevice::PacketType, ns3::empty, ns3::empty, ns3::empty >'],) in wrapper public: retval? ???::RegisterProtocolHandler (params?);
  [param('ns3::Callback< void, ns3::Ptr< ns3::NetDevice >, ns3::Ptr< ns3::Packet const >, unsigned short, ns3::Address const &, ns3::Address const &, ns3::NetDevice::PacketType, ns3::empty, ns3::empty, ns3::empty >', 'handler'), param('uint16_t', 'protocolType'), param('ns3::Ptr< ns3::NetDevice >', 'device'), param('bool', 'promiscuous', default_value='false')])
/afs/inf.ed.ac.uk/user/s12/s1232200/Year-4/CN/cwk1/ns/ns-3.18/src/mobility/bindings/modulegen__gcc_LP64.py:3666: Warning: exception TypeLookupError(['ns3::Callback< void, ns3::Ptr< ns3::NetDevice >, ns3::empty, ns3::empty, ns3::empty, ns3::empty, ns3::empty, ns3::empty, ns3::empty, ns3::empty >'],) in wrapper public: retval? ???::UnregisterDeviceAdditionListener (params?);
  [param('ns3::Callback< void, ns3::Ptr< ns3::NetDevice >, ns3::empty, ns3::empty, ns3::empty, ns3::empty, ns3::empty, ns3::empty, ns3::empty, ns3::empty >', 'listener')])
/afs/inf.ed.ac.uk/user/s12/s1232200/Year-4/CN/cwk1/ns/ns-3.18/src/mobility/bindings/modulegen__gcc_LP64.py:3670: Warning: exception TypeLookupError(['ns3::Callback< void, ns3::Ptr< ns3::NetDevice >, ns3::Ptr< ns3::Packet const >, unsigned short, ns3::Address const &, ns3::Address const &, ns3::NetDevice::PacketType, ns3::empty, ns3::empty, ns3::empty >'],) in wrapper public: retval? ???::UnregisterProtocolHandler (params?);
  [param('ns3::Callback< void, ns3::Ptr< ns3::NetDevice >, ns3::Ptr< ns3::Packet const >, unsigned short, ns3::Address const &, ns3::Address const &, ns3::NetDevice::PacketType, ns3::empty, ns3::empty, ns3::empty >', 'handler')])
/afs/inf.ed.ac.uk/user/s12/s1232200/Year-4/CN/cwk1/ns/ns-3.18/src/mobility/bindings/modulegen__gcc_LP64.py:3774: Warning: exception TypeLookupError(['std::ostream *'],) in wrapper <pybindgen.cppmethod.CppConstructor object at 0x23cb2d0>
  cls.add_constructor([param('std::ostream *', 'os')])
/afs/inf.ed.ac.uk/user/s12/s1232200/Year-4/CN/cwk1/ns/ns-3.18/src/mobility/bindings/modulegen__gcc_LP64.py:3778: Warning: exception TypeLookupError(['std::ostream *'],) in wrapper public: retval? ???::GetStream (params?);
  [])
/afs/inf.ed.ac.uk/user/s12/s1232200/Year-4/CN/cwk1/ns/ns-3.18/src/mobility/bindings/modulegen__gcc_LP64.py:4524: Warning: exception TypeLookupError(['ns3::Hash::Hash32Function_ptr'],) in wrapper <pybindgen.cppmethod.CppConstructor object at 0x26dd090>
  cls.add_constructor([param('ns3::Hash::Hash32Function_ptr', 'hp')])
/afs/inf.ed.ac.uk/user/s12/s1232200/Year-4/CN/cwk1/ns/ns-3.18/src/mobility/bindings/modulegen__gcc_LP64.py:4541: Warning: exception TypeLookupError(['ns3::Hash::Hash64Function_ptr'],) in wrapper <pybindgen.cppmethod.CppConstructor object at 0x26e0090>
  cls.add_constructor([param('ns3::Hash::Hash64Function_ptr', 'hp')])
bindings/python/ns3modulegen-modular.py:27: UserWarning: exception CodeGenerationError('ns3::PositionAllocator cannot be constructed (class has pure virtual methods)',) in wrapper <pybindgen.CppClass 'ns3::PositionAllocator'>
  warnings.warn("exception %r in wrapper %s" % (exception, wrapper))
bindings/python/ns3modulegen-modular.py:27: UserWarning: exception CodeGenerationError('ns3::BoxChecker cannot be constructed (have pure virtual methods but no helper class)',) in wrapper <pybindgen.CppClass 'ns3::BoxChecker'>
  warnings.warn("exception %r in wrapper %s" % (exception, wrapper))
bindings/python/ns3modulegen-modular.py:27: UserWarning: exception CodeGenerationError('ns3::MobilityModel cannot be constructed (class has pure virtual methods)',) in wrapper <pybindgen.CppClass 'ns3::MobilityModel'>
  warnings.warn("exception %r in wrapper %s" % (exception, wrapper))
bindings/python/ns3modulegen-modular.py:27: UserWarning: exception CodeGenerationError('ns3::RectangleChecker cannot be constructed (have pure virtual methods but no helper class)',) in wrapper <pybindgen.CppClass 'ns3::RectangleChecker'>
  warnings.warn("exception %r in wrapper %s" % (exception, wrapper))
bindings/python/ns3modulegen-modular.py:27: UserWarning: exception CodeGenerationError('ns3::WaypointChecker cannot be constructed (have pure virtual methods but no helper class)',) in wrapper <pybindgen.CppClass 'ns3::WaypointChecker'>
  warnings.warn("exception %r in wrapper %s" % (exception, wrapper))
