>>>>>>>>>>>>>>>> [['bool', 'ns3::Ptr<ns3::NetDevice>', 'ns3::Ptr<ns3::Packet const>', 'unsigned short', 'ns3::Address const&', 'ns3::Address const&', 'ns3::NetDevice::PacketType', 'ns3::empty', 'ns3::empty', 'ns3::empty'], ['bool', 'ns3::Ptr<ns3::NetDevice>', 'ns3::Ptr<ns3::Packet const>', 'unsigned short', 'ns3::Address const&', 'ns3::empty', 'ns3::empty', 'ns3::empty', 'ns3::empty', 'ns3::empty'], ['void', 'ns3::empty', 'ns3::empty', 'ns3::empty', 'ns3::empty', 'ns3::empty', 'ns3::empty', 'ns3::empty', 'ns3::empty', 'ns3::empty'], ['void', 'unsigned char*', 'long', 'ns3::empty', 'ns3::empty', 'ns3::empty', 'ns3::empty', 'ns3::empty', 'ns3::empty', 'ns3::empty'], ['void', 'ns3::Ptr<ns3::NetDevice>', 'ns3::Ptr<ns3::Packet const>', 'unsigned short', 'ns3::Address const&', 'ns3::Address const&', 'ns3::NetDevice::PacketType', 'ns3::empty', 'ns3::empty', 'ns3::empty']]
***** registering callback handler: 'ns3::Callback< bool, ns3::Ptr< ns3::NetDevice >, ns3::Ptr< ns3::Packet const >, unsigned short, ns3::Address const &, ns3::Address const &, ns3::NetDevice::PacketType, ns3::empty, ns3::empty, ns3::empty >'
***** registering callback handler: 'ns3::Callback< bool, ns3::Ptr< ns3::NetDevice >, ns3::Ptr< ns3::Packet const >, unsigned short, ns3::Address const &, ns3::empty, ns3::empty, ns3::empty, ns3::empty, ns3::empty >'
***** registering callback handler: 'ns3::Callback< void, ns3::empty, ns3::empty, ns3::empty, ns3::empty, ns3::empty, ns3::empty, ns3::empty, ns3::empty, ns3::empty >'
/afs/inf.ed.ac.uk/user/s12/s1232200/Year-4/CN/cwk1/ns/ns-3.18/bindings/python/ns3modulegen_core_customizations.py:228: Warning: ***** Unable to register callback; parameter 'unsigned char* arg1' error (used in ns3::Callback< void, unsigned char*, long, ns3::empty, ns3::empty, ns3::empty, ns3::empty, ns3::empty, ns3::empty, ns3::empty >): TypeLookupError(['unsigned char *'],)
  Warning)
***** registering callback handler: 'ns3::Callback< void, ns3::Ptr< ns3::NetDevice >, ns3::Ptr< ns3::Packet const >, unsigned short, ns3::Address const &, ns3::Address const &, ns3::NetDevice::PacketType, ns3::empty, ns3::empty, ns3::empty >'
/afs/inf.ed.ac.uk/user/s12/s1232200/Year-4/CN/cwk1/ns/ns-3.18/src/fd-net-device/bindings/modulegen__gcc_LP64.py:431: Warning: exception TypeConfigurationError('direction not given',) in wrapper <pybindgen.cppmethod.CppConstructor object at 0x178d150>
  cls.add_constructor([param('uint8_t', 'type'), param('uint8_t const *', 'buffer'), param('uint8_t', 'len')])
/afs/inf.ed.ac.uk/user/s12/s1232200/Year-4/CN/cwk1/ns/ns-3.18/src/fd-net-device/bindings/modulegen__gcc_LP64.py:442: Warning: exception TypeConfigurationError('direction not given',) in wrapper public: retval? ???::CopyAllFrom (params?);
  [param('uint8_t const *', 'buffer'), param('uint8_t', 'len')])
/afs/inf.ed.ac.uk/user/s12/s1232200/Year-4/CN/cwk1/ns/ns-3.18/src/fd-net-device/bindings/modulegen__gcc_LP64.py:447: Warning: exception TypeConfigurationError('direction not given',) in wrapper public: retval? ???::CopyAllTo (params?) const;
  is_const=True)
/afs/inf.ed.ac.uk/user/s12/s1232200/Year-4/CN/cwk1/ns/ns-3.18/src/fd-net-device/bindings/modulegen__gcc_LP64.py:451: Warning: exception TypeConfigurationError('direction not given',) in wrapper public: retval? ???::CopyFrom (params?);
  [param('uint8_t const *', 'buffer'), param('uint8_t', 'len')])
/afs/inf.ed.ac.uk/user/s12/s1232200/Year-4/CN/cwk1/ns/ns-3.18/src/fd-net-device/bindings/modulegen__gcc_LP64.py:456: Warning: exception TypeConfigurationError('direction not given',) in wrapper public: retval? ???::CopyTo (params?) const;
  is_const=True)
/afs/inf.ed.ac.uk/user/s12/s1232200/Year-4/CN/cwk1/ns/ns-3.18/src/fd-net-device/bindings/modulegen__gcc_LP64.py:625: Warning: exception TypeLookupError(['std::_List_const_iterator< ns3::AttributeConstructionList::Item >'],) in wrapper public: retval? ???::Begin (params?) const;
  is_const=True)
/afs/inf.ed.ac.uk/user/s12/s1232200/Year-4/CN/cwk1/ns/ns-3.18/src/fd-net-device/bindings/modulegen__gcc_LP64.py:630: Warning: exception TypeLookupError(['std::_List_const_iterator< ns3::AttributeConstructionList::Item >'],) in wrapper public: retval? ???::End (params?) const;
  is_const=True)
/afs/inf.ed.ac.uk/user/s12/s1232200/Year-4/CN/cwk1/ns/ns-3.18/src/fd-net-device/bindings/modulegen__gcc_LP64.py:681: Warning: exception TypeLookupError(['std::ostream *'],) in wrapper public: retval? ???::CopyData (params?) const;
  is_const=True)
/afs/inf.ed.ac.uk/user/s12/s1232200/Year-4/CN/cwk1/ns/ns-3.18/src/fd-net-device/bindings/modulegen__gcc_LP64.py:686: Warning: exception TypeConfigurationError('direction not given',) in wrapper public: retval? ???::CopyData (params?) const;
  is_const=True)
/afs/inf.ed.ac.uk/user/s12/s1232200/Year-4/CN/cwk1/ns/ns-3.18/src/fd-net-device/bindings/modulegen__gcc_LP64.py:700: Warning: exception TypeConfigurationError('direction not given',) in wrapper public: retval? ???::Deserialize (params?);
  [param('uint8_t const *', 'buffer'), param('uint32_t', 'size')])
/afs/inf.ed.ac.uk/user/s12/s1232200/Year-4/CN/cwk1/ns/ns-3.18/src/fd-net-device/bindings/modulegen__gcc_LP64.py:730: Warning: exception TypeLookupError(['uint8_t *'],) in wrapper public: retval? ???::PeekData (params?) const;
  is_const=True)
/afs/inf.ed.ac.uk/user/s12/s1232200/Year-4/CN/cwk1/ns/ns-3.18/src/fd-net-device/bindings/modulegen__gcc_LP64.py:743: Warning: exception TypeConfigurationError('direction not given',) in wrapper public: retval? ???::Serialize (params?) const;
  is_const=True)
/afs/inf.ed.ac.uk/user/s12/s1232200/Year-4/CN/cwk1/ns/ns-3.18/src/fd-net-device/bindings/modulegen__gcc_LP64.py:798: Warning: exception TypeConfigurationError('direction not given',) in wrapper public: retval? ???::Read (params?);
  [param('uint8_t *', 'buffer'), param('uint32_t', 'size')])
/afs/inf.ed.ac.uk/user/s12/s1232200/Year-4/CN/cwk1/ns/ns-3.18/src/fd-net-device/bindings/modulegen__gcc_LP64.py:842: Warning: exception TypeConfigurationError('direction not given',) in wrapper public: retval? ???::Write (params?);
  [param('uint8_t const *', 'buffer'), param('uint32_t', 'size')])
/afs/inf.ed.ac.uk/user/s12/s1232200/Year-4/CN/cwk1/ns/ns-3.18/src/fd-net-device/bindings/modulegen__gcc_LP64.py:1063: Warning: exception TypeLookupError(['ns3::Ptr< ns3::EventImpl > &'],) in wrapper <pybindgen.cppmethod.CppConstructor object at 0x19cd610>
  cls.add_constructor([param('ns3::Ptr< ns3::EventImpl > const &', 'impl'), param('uint64_t', 'ts'), param('uint32_t', 'context'), param('uint32_t', 'uid')])
/afs/inf.ed.ac.uk/user/s12/s1232200/Year-4/CN/cwk1/ns/ns-3.18/src/fd-net-device/bindings/modulegen__gcc_LP64.py:1097: Warning: exception TypeConfigurationError('Either caller_owns_return or self.reference_existing_object must be given',) in wrapper public: retval? ???::PeekEventImpl (params?) const;
  is_const=True)
/afs/inf.ed.ac.uk/user/s12/s1232200/Year-4/CN/cwk1/ns/ns-3.18/src/fd-net-device/bindings/modulegen__gcc_LP64.py:1156: Warning: exception TypeConfigurationError('direction not given',) in wrapper public: retval? ???::Deserialize (params?);
  is_static=True)
/afs/inf.ed.ac.uk/user/s12/s1232200/Year-4/CN/cwk1/ns/ns-3.18/src/fd-net-device/bindings/modulegen__gcc_LP64.py:1221: Warning: exception TypeLookupError(['std::ostream &'],) in wrapper public: retval? ???::Print (params?) const;
  is_const=True)
/afs/inf.ed.ac.uk/user/s12/s1232200/Year-4/CN/cwk1/ns/ns-3.18/src/fd-net-device/bindings/modulegen__gcc_LP64.py:1226: Warning: exception TypeConfigurationError('direction not given',) in wrapper public: retval? ???::Serialize (params?) const;
  is_const=True)
/afs/inf.ed.ac.uk/user/s12/s1232200/Year-4/CN/cwk1/ns/ns-3.18/src/fd-net-device/bindings/modulegen__gcc_LP64.py:1293: Warning: exception TypeLookupError(['std::ostream &'],) in wrapper public: retval? ???::Print (params?) const;
  is_const=True)
/afs/inf.ed.ac.uk/user/s12/s1232200/Year-4/CN/cwk1/ns/ns-3.18/src/fd-net-device/bindings/modulegen__gcc_LP64.py:1310: Warning: exception TypeConfigurationError('direction not given',) in wrapper <pybindgen.cppmethod.CppConstructor object at 0x1ad2490>
  cls.add_constructor([param('uint8_t *', 'address')])
/afs/inf.ed.ac.uk/user/s12/s1232200/Year-4/CN/cwk1/ns/ns-3.18/src/fd-net-device/bindings/modulegen__gcc_LP64.py:1328: Warning: exception TypeConfigurationError('direction not given',) in wrapper public: retval? ???::Deserialize (params?);
  is_static=True)
/afs/inf.ed.ac.uk/user/s12/s1232200/Year-4/CN/cwk1/ns/ns-3.18/src/fd-net-device/bindings/modulegen__gcc_LP64.py:1353: Warning: exception TypeConfigurationError('direction not given',) in wrapper public: retval? ???::GetBytes (params?) const;
  is_const=True)
/afs/inf.ed.ac.uk/user/s12/s1232200/Year-4/CN/cwk1/ns/ns-3.18/src/fd-net-device/bindings/modulegen__gcc_LP64.py:1442: Warning: exception TypeLookupError(['ns3::Mac16Address'],) in wrapper public: retval? ???::MakeAutoconfiguredAddress (params?);
  is_static=True)
/afs/inf.ed.ac.uk/user/s12/s1232200/Year-4/CN/cwk1/ns/ns-3.18/src/fd-net-device/bindings/modulegen__gcc_LP64.py:1452: Warning: exception TypeLookupError(['ns3::Mac64Address'],) in wrapper public: retval? ???::MakeAutoconfiguredAddress (params?);
  is_static=True)
/afs/inf.ed.ac.uk/user/s12/s1232200/Year-4/CN/cwk1/ns/ns-3.18/src/fd-net-device/bindings/modulegen__gcc_LP64.py:1457: Warning: exception TypeLookupError(['ns3::Mac16Address'],) in wrapper public: retval? ???::MakeAutoconfiguredLinkLocalAddress (params?);
  is_static=True)
/afs/inf.ed.ac.uk/user/s12/s1232200/Year-4/CN/cwk1/ns/ns-3.18/src/fd-net-device/bindings/modulegen__gcc_LP64.py:1467: Warning: exception TypeLookupError(['ns3::Mac64Address'],) in wrapper public: retval? ???::MakeAutoconfiguredLinkLocalAddress (params?);
  is_static=True)
/afs/inf.ed.ac.uk/user/s12/s1232200/Year-4/CN/cwk1/ns/ns-3.18/src/fd-net-device/bindings/modulegen__gcc_LP64.py:1482: Warning: exception TypeLookupError(['std::ostream &'],) in wrapper public: retval? ???::Print (params?) const;
  is_const=True)
/afs/inf.ed.ac.uk/user/s12/s1232200/Year-4/CN/cwk1/ns/ns-3.18/src/fd-net-device/bindings/modulegen__gcc_LP64.py:1487: Warning: exception TypeConfigurationError('direction not given',) in wrapper public: retval? ???::Serialize (params?) const;
  is_const=True)
/afs/inf.ed.ac.uk/user/s12/s1232200/Year-4/CN/cwk1/ns/ns-3.18/src/fd-net-device/bindings/modulegen__gcc_LP64.py:1495: Warning: exception TypeConfigurationError('direction not given',) in wrapper public: retval? ???::Set (params?);
  [param('uint8_t *', 'address')])
/afs/inf.ed.ac.uk/user/s12/s1232200/Year-4/CN/cwk1/ns/ns-3.18/src/fd-net-device/bindings/modulegen__gcc_LP64.py:1505: Warning: exception TypeConfigurationError('direction not given',) in wrapper <pybindgen.cppmethod.CppConstructor object at 0x1af33d0>
  cls.add_constructor([param('uint8_t *', 'prefix')])
/afs/inf.ed.ac.uk/user/s12/s1232200/Year-4/CN/cwk1/ns/ns-3.18/src/fd-net-device/bindings/modulegen__gcc_LP64.py:1518: Warning: exception TypeConfigurationError('direction not given',) in wrapper public: retval? ???::GetBytes (params?) const;
  is_const=True)
/afs/inf.ed.ac.uk/user/s12/s1232200/Year-4/CN/cwk1/ns/ns-3.18/src/fd-net-device/bindings/modulegen__gcc_LP64.py:1553: Warning: exception TypeLookupError(['std::ostream &'],) in wrapper public: retval? ???::Print (params?) const;
  is_const=True)
/afs/inf.ed.ac.uk/user/s12/s1232200/Year-4/CN/cwk1/ns/ns-3.18/src/fd-net-device/bindings/modulegen__gcc_LP64.py:1580: Warning: exception TypeConfigurationError('direction not given',) in wrapper public: retval? ???::CopyFrom (params?);
  [param('uint8_t const *', 'buffer')])
/afs/inf.ed.ac.uk/user/s12/s1232200/Year-4/CN/cwk1/ns/ns-3.18/src/fd-net-device/bindings/modulegen__gcc_LP64.py:1585: Warning: exception TypeConfigurationError('direction not given',) in wrapper public: retval? ???::CopyTo (params?) const;
  is_const=True)
/afs/inf.ed.ac.uk/user/s12/s1232200/Year-4/CN/cwk1/ns/ns-3.18/src/fd-net-device/bindings/modulegen__gcc_LP64.py:1655: Warning: exception TypeLookupError(['__gnu_cxx::__normal_iterator< ns3::Ptr< ns3::NetDevice > const, std::vector< ns3::Ptr< ns3::NetDevice > > >'],) in wrapper public: retval? ???::Begin (params?) const;
  is_const=True)
/afs/inf.ed.ac.uk/user/s12/s1232200/Year-4/CN/cwk1/ns/ns-3.18/src/fd-net-device/bindings/modulegen__gcc_LP64.py:1660: Warning: exception TypeLookupError(['__gnu_cxx::__normal_iterator< ns3::Ptr< ns3::NetDevice > const, std::vector< ns3::Ptr< ns3::NetDevice > > >'],) in wrapper public: retval? ???::End (params?) const;
  is_const=True)
/afs/inf.ed.ac.uk/user/s12/s1232200/Year-4/CN/cwk1/ns/ns-3.18/src/fd-net-device/bindings/modulegen__gcc_LP64.py:1706: Warning: exception TypeLookupError(['__gnu_cxx::__normal_iterator< ns3::Ptr< ns3::Node > const, std::vector< ns3::Ptr< ns3::Node > > >'],) in wrapper public: retval? ???::Begin (params?) const;
  is_const=True)
/afs/inf.ed.ac.uk/user/s12/s1232200/Year-4/CN/cwk1/ns/ns-3.18/src/fd-net-device/bindings/modulegen__gcc_LP64.py:1719: Warning: exception TypeLookupError(['__gnu_cxx::__normal_iterator< ns3::Ptr< ns3::Node > const, std::vector< ns3::Ptr< ns3::Node > > >'],) in wrapper public: retval? ???::End (params?) const;
  is_const=True)
/afs/inf.ed.ac.uk/user/s12/s1232200/Year-4/CN/cwk1/ns/ns-3.18/src/fd-net-device/bindings/modulegen__gcc_LP64.py:1807: Warning: exception TypeConfigurationError('Missing transfer_ownership option',) in wrapper public: retval? ???::Delete (params?);
  is_static=True)
/afs/inf.ed.ac.uk/user/s12/s1232200/Year-4/CN/cwk1/ns/ns-3.18/src/fd-net-device/bindings/modulegen__gcc_LP64.py:1880: Warning: exception TypeConfigurationError('direction not given',) in wrapper public: retval? ???::Deserialize (params?);
  [param('uint8_t const *', 'buffer'), param('uint32_t', 'size')])
/afs/inf.ed.ac.uk/user/s12/s1232200/Year-4/CN/cwk1/ns/ns-3.18/src/fd-net-device/bindings/modulegen__gcc_LP64.py:1921: Warning: exception TypeConfigurationError('direction not given',) in wrapper public: retval? ???::Serialize (params?) const;
  is_const=True)
bindings/python/ns3modulegen-modular.py:27: UserWarning: exception TypeLookupError(['uint8_t [ 20 ]'],) in wrapper None
  warnings.warn("exception %r in wrapper %s" % (exception, wrapper))
bindings/python/ns3modulegen-modular.py:27: UserWarning: exception TypeConfigurationError('Either caller_owns_return or self.reference_existing_object must be given',) in wrapper None
  warnings.warn("exception %r in wrapper %s" % (exception, wrapper))
/afs/inf.ed.ac.uk/user/s12/s1232200/Year-4/CN/cwk1/ns/ns-3.18/src/fd-net-device/bindings/modulegen__gcc_LP64.py:2052: Warning: exception TypeLookupError(['uint32_t &'],) in wrapper public: retval? ???::Diff (params?);
  is_static=True)
/afs/inf.ed.ac.uk/user/s12/s1232200/Year-4/CN/cwk1/ns/ns-3.18/src/fd-net-device/bindings/modulegen__gcc_LP64.py:2106: Warning: exception TypeConfigurationError('direction not given',) in wrapper public: retval? ???::Read (params?);
  [param('uint8_t * const', 'data'), param('uint32_t', 'maxBytes'), param('uint32_t &', 'tsSec'), param('uint32_t &', 'tsUsec'), param('uint32_t &', 'inclLen'), param('uint32_t &', 'origLen'), param('uint32_t &', 'readLen')])
/afs/inf.ed.ac.uk/user/s12/s1232200/Year-4/CN/cwk1/ns/ns-3.18/src/fd-net-device/bindings/modulegen__gcc_LP64.py:2110: Warning: exception TypeConfigurationError('direction not given',) in wrapper public: retval? ???::Write (params?);
  [param('uint32_t', 'tsSec'), param('uint32_t', 'tsUsec'), param('uint8_t const * const', 'data'), param('uint32_t', 'totalLen')])
/afs/inf.ed.ac.uk/user/s12/s1232200/Year-4/CN/cwk1/ns/ns-3.18/src/fd-net-device/bindings/modulegen__gcc_LP64.py:2219: Warning: exception TypeLookupError(['ns3::Ptr< ns3::SimulatorImpl >', 'ns3::SimulatorImpl *'],) in wrapper public: retval? ???::GetImplementation (params?);
  is_static=True)
/afs/inf.ed.ac.uk/user/s12/s1232200/Year-4/CN/cwk1/ns/ns-3.18/src/fd-net-device/bindings/modulegen__gcc_LP64.py:2254: Warning: exception TypeLookupError(['ns3::Ptr< ns3::SimulatorImpl >', 'ns3::SimulatorImpl *'],) in wrapper public: retval? ???::SetImplementation (params?);
  is_static=True)
/afs/inf.ed.ac.uk/user/s12/s1232200/Year-4/CN/cwk1/ns/ns-3.18/src/fd-net-device/bindings/modulegen__gcc_LP64.py:2342: Warning: exception TypeLookupError(['std::ostream &'],) in wrapper public: virtual retval? ???::Print (params?) const = 0;
  is_pure_virtual=True, is_const=True, is_virtual=True)
/afs/inf.ed.ac.uk/user/s12/s1232200/Year-4/CN/cwk1/ns/ns-3.18/src/fd-net-device/bindings/modulegen__gcc_LP64.py:2354: Warning: exception TypeConfigurationError('direction not given',) in wrapper <pybindgen.cppmethod.CppConstructor object at 0x22723d0>
  cls.add_constructor([param('uint8_t *', 'start'), param('uint8_t *', 'end')])
/afs/inf.ed.ac.uk/user/s12/s1232200/Year-4/CN/cwk1/ns/ns-3.18/src/fd-net-device/bindings/modulegen__gcc_LP64.py:2362: Warning: exception TypeConfigurationError('direction not given',) in wrapper public: retval? ???::Read (params?);
  [param('uint8_t *', 'buffer'), param('uint32_t', 'size')])
/afs/inf.ed.ac.uk/user/s12/s1232200/Year-4/CN/cwk1/ns/ns-3.18/src/fd-net-device/bindings/modulegen__gcc_LP64.py:2390: Warning: exception TypeConfigurationError('direction not given',) in wrapper public: retval? ???::Write (params?);
  [param('uint8_t const *', 'buffer'), param('uint32_t', 'size')])
/afs/inf.ed.ac.uk/user/s12/s1232200/Year-4/CN/cwk1/ns/ns-3.18/src/fd-net-device/bindings/modulegen__gcc_LP64.py:2455: Warning: exception TypeLookupError(['ns3::Callback< ns3::ObjectBase *, ns3::empty, ns3::empty, ns3::empty, ns3::empty, ns3::empty, ns3::empty, ns3::empty, ns3::empty, ns3::empty >'],) in wrapper public: retval? ???::GetConstructor (params?) const;
  is_const=True)
/afs/inf.ed.ac.uk/user/s12/s1232200/Year-4/CN/cwk1/ns/ns-3.18/src/fd-net-device/bindings/modulegen__gcc_LP64.py:2534: Warning: exception TypeConfigurationError('Missing transfer_ownership option',) in wrapper public: retval? ???::LookupByHashFailSafe (params?);
  is_static=True)
bindings/python/ns3modulegen-modular.py:27: UserWarning: exception TypeLookupError(['short unsigned int'],) in wrapper None
  warnings.warn("exception %r in wrapper %s" % (exception, wrapper))
/afs/inf.ed.ac.uk/user/s12/s1232200/Year-4/CN/cwk1/ns/ns-3.18/src/fd-net-device/bindings/modulegen__gcc_LP64.py:2735: Warning: exception TypeLookupError(['std::ostream &'],) in wrapper public: virtual retval? ???::Print (params?) const = 0;
  is_pure_virtual=True, is_const=True, is_virtual=True)
/afs/inf.ed.ac.uk/user/s12/s1232200/Year-4/CN/cwk1/ns/ns-3.18/src/fd-net-device/bindings/modulegen__gcc_LP64.py:2804: Warning: exception TypeLookupError(['std::ostream &'],) in wrapper public: virtual retval? ???::Print (params?) const = 0;
  is_pure_virtual=True, is_const=True, is_virtual=True)
/afs/inf.ed.ac.uk/user/s12/s1232200/Year-4/CN/cwk1/ns/ns-3.18/src/fd-net-device/bindings/modulegen__gcc_LP64.py:2923: Warning: exception TypeConfigurationError('direction not given',) in wrapper public: retval? ???::Write (params?);
  [param('ns3::Time', 't'), param('uint8_t const *', 'buffer'), param('uint32_t', 'length')])
/afs/inf.ed.ac.uk/user/s12/s1232200/Year-4/CN/cwk1/ns/ns-3.18/src/fd-net-device/bindings/modulegen__gcc_LP64.py:3107: Warning: exception TypeLookupError(['pthread_t'],) in wrapper public: retval? ???::Equals (params?);
  is_static=True)
/afs/inf.ed.ac.uk/user/s12/s1232200/Year-4/CN/cwk1/ns/ns-3.18/src/fd-net-device/bindings/modulegen__gcc_LP64.py:3116: Warning: exception TypeLookupError(['pthread_t'],) in wrapper public: retval? ???::Self (params?);
  is_static=True)
/afs/inf.ed.ac.uk/user/s12/s1232200/Year-4/CN/cwk1/ns/ns-3.18/src/fd-net-device/bindings/modulegen__gcc_LP64.py:3346: Warning: exception TypeLookupError(['std::ostream &'],) in wrapper public: virtual retval? ???::Print (params?) const = 0;
  is_pure_virtual=True, is_const=True, is_virtual=True)
/afs/inf.ed.ac.uk/user/s12/s1232200/Year-4/CN/cwk1/ns/ns-3.18/src/fd-net-device/bindings/modulegen__gcc_LP64.py:3616: Warning: exception TypeLookupError(['ns3::Callback< void, unsigned char *, long, ns3::empty, ns3::empty, ns3::empty, ns3::empty, ns3::empty, ns3::empty, ns3::empty >'],) in wrapper public: retval? ???::Start (params?);
  [param('int', 'fd'), param('ns3::Callback< void, unsigned char *, long, ns3::empty, ns3::empty, ns3::empty, ns3::empty, ns3::empty, ns3::empty, ns3::empty >', 'readCallback')])
/afs/inf.ed.ac.uk/user/s12/s1232200/Year-4/CN/cwk1/ns/ns-3.18/src/fd-net-device/bindings/modulegen__gcc_LP64.py:3625: Warning: exception TypeLookupError(['ns3::FdReader::Data'],) in wrapper protected: virtual retval? ???::DoRead (params?) = 0;
  is_pure_virtual=True, visibility='protected', is_virtual=True)
/afs/inf.ed.ac.uk/user/s12/s1232200/Year-4/CN/cwk1/ns/ns-3.18/src/fd-net-device/bindings/modulegen__gcc_LP64.py:3852: Warning: exception TypeLookupError(['ns3::Ptr< ns3::Channel >', 'ns3::Channel *'],) in wrapper public: virtual retval? ???::GetChannel (params?) const = 0;
  is_pure_virtual=True, is_const=True, is_virtual=True)
/afs/inf.ed.ac.uk/user/s12/s1232200/Year-4/CN/cwk1/ns/ns-3.18/src/fd-net-device/bindings/modulegen__gcc_LP64.py:4014: Warning: exception TypeLookupError(['ns3::Ptr< ns3::Application >', 'ns3::Application *'],) in wrapper public: retval? ???::AddApplication (params?);
  [param('ns3::Ptr< ns3::Application >', 'application')])
/afs/inf.ed.ac.uk/user/s12/s1232200/Year-4/CN/cwk1/ns/ns-3.18/src/fd-net-device/bindings/modulegen__gcc_LP64.py:4028: Warning: exception TypeLookupError(['ns3::Ptr< ns3::Application >', 'ns3::Application *'],) in wrapper public: retval? ???::GetApplication (params?) const;
  is_const=True)
/afs/inf.ed.ac.uk/user/s12/s1232200/Year-4/CN/cwk1/ns/ns-3.18/src/fd-net-device/bindings/modulegen__gcc_LP64.py:4062: Warning: exception TypeLookupError(['ns3::Callback< void, ns3::Ptr< ns3::NetDevice >, ns3::empty, ns3::empty, ns3::empty, ns3::empty, ns3::empty, ns3::empty, ns3::empty, ns3::empty >'],) in wrapper public: retval? ???::RegisterDeviceAdditionListener (params?);
  [param('ns3::Callback< void, ns3::Ptr< ns3::NetDevice >, ns3::empty, ns3::empty, ns3::empty, ns3::empty, ns3::empty, ns3::empty, ns3::empty, ns3::empty >', 'listener')])
/afs/inf.ed.ac.uk/user/s12/s1232200/Year-4/CN/cwk1/ns/ns-3.18/src/fd-net-device/bindings/modulegen__gcc_LP64.py:4070: Warning: exception TypeLookupError(['ns3::Callback< void, ns3::Ptr< ns3::NetDevice >, ns3::empty, ns3::empty, ns3::empty, ns3::empty, ns3::empty, ns3::empty, ns3::empty, ns3::empty >'],) in wrapper public: retval? ???::UnregisterDeviceAdditionListener (params?);
  [param('ns3::Callback< void, ns3::Ptr< ns3::NetDevice >, ns3::empty, ns3::empty, ns3::empty, ns3::empty, ns3::empty, ns3::empty, ns3::empty, ns3::empty >', 'listener')])
/afs/inf.ed.ac.uk/user/s12/s1232200/Year-4/CN/cwk1/ns/ns-3.18/src/fd-net-device/bindings/modulegen__gcc_LP64.py:4133: Warning: exception TypeLookupError(['std::ostream *'],) in wrapper <pybindgen.cppmethod.CppConstructor object at 0x29debd0>
  cls.add_constructor([param('std::ostream *', 'os')])
/afs/inf.ed.ac.uk/user/s12/s1232200/Year-4/CN/cwk1/ns/ns-3.18/src/fd-net-device/bindings/modulegen__gcc_LP64.py:4137: Warning: exception TypeLookupError(['std::ostream *'],) in wrapper public: retval? ???::GetStream (params?);
  [])
/afs/inf.ed.ac.uk/user/s12/s1232200/Year-4/CN/cwk1/ns/ns-3.18/src/fd-net-device/bindings/modulegen__gcc_LP64.py:4149: Warning: exception TypeConfigurationError('direction not given',) in wrapper <pybindgen.cppmethod.CppConstructor object at 0x29e39d0>
  cls.add_constructor([param('uint8_t const *', 'buffer'), param('uint32_t', 'size'), param('bool', 'magic')])
/afs/inf.ed.ac.uk/user/s12/s1232200/Year-4/CN/cwk1/ns/ns-3.18/src/fd-net-device/bindings/modulegen__gcc_LP64.py:4151: Warning: exception TypeConfigurationError('direction not given',) in wrapper <pybindgen.cppmethod.CppConstructor object at 0x29e3a10>
  cls.add_constructor([param('uint8_t const *', 'buffer'), param('uint32_t', 'size')])
/afs/inf.ed.ac.uk/user/s12/s1232200/Year-4/CN/cwk1/ns/ns-3.18/src/fd-net-device/bindings/modulegen__gcc_LP64.py:4192: Warning: exception TypeConfigurationError('direction not given',) in wrapper public: retval? ???::CopyData (params?) const;
  is_const=True)
/afs/inf.ed.ac.uk/user/s12/s1232200/Year-4/CN/cwk1/ns/ns-3.18/src/fd-net-device/bindings/modulegen__gcc_LP64.py:4197: Warning: exception TypeLookupError(['std::ostream *'],) in wrapper public: retval? ???::CopyData (params?) const;
  is_const=True)
/afs/inf.ed.ac.uk/user/s12/s1232200/Year-4/CN/cwk1/ns/ns-3.18/src/fd-net-device/bindings/modulegen__gcc_LP64.py:4252: Warning: exception TypeLookupError(['uint8_t *'],) in wrapper public: retval? ???::PeekData (params?) const;
  deprecated=True, is_const=True)
/afs/inf.ed.ac.uk/user/s12/s1232200/Year-4/CN/cwk1/ns/ns-3.18/src/fd-net-device/bindings/modulegen__gcc_LP64.py:4271: Warning: exception TypeLookupError(['std::ostream &'],) in wrapper public: retval? ???::Print (params?) const;
  is_const=True)
/afs/inf.ed.ac.uk/user/s12/s1232200/Year-4/CN/cwk1/ns/ns-3.18/src/fd-net-device/bindings/modulegen__gcc_LP64.py:4276: Warning: exception TypeLookupError(['std::ostream &'],) in wrapper public: retval? ???::PrintByteTags (params?) const;
  is_const=True)
/afs/inf.ed.ac.uk/user/s12/s1232200/Year-4/CN/cwk1/ns/ns-3.18/src/fd-net-device/bindings/modulegen__gcc_LP64.py:4281: Warning: exception TypeLookupError(['std::ostream &'],) in wrapper public: retval? ???::PrintPacketTags (params?) const;
  is_const=True)
/afs/inf.ed.ac.uk/user/s12/s1232200/Year-4/CN/cwk1/ns/ns-3.18/src/fd-net-device/bindings/modulegen__gcc_LP64.py:4318: Warning: exception TypeConfigurationError('direction not given',) in wrapper public: retval? ???::Serialize (params?) const;
  is_const=True)
/afs/inf.ed.ac.uk/user/s12/s1232200/Year-4/CN/cwk1/ns/ns-3.18/src/fd-net-device/bindings/modulegen__gcc_LP64.py:4506: Warning: exception TypeLookupError(['ns3::Ptr< ns3::Channel >', 'ns3::Channel *'],) in wrapper public: virtual retval? ???::GetChannel (params?) const;
  is_const=True, is_virtual=True)
/afs/inf.ed.ac.uk/user/s12/s1232200/Year-4/CN/cwk1/ns/ns-3.18/src/fd-net-device/bindings/modulegen__gcc_LP64.py:4663: Warning: exception TypeLookupError(['ns3::FdReader::Data'],) in wrapper private: virtual retval? ???::DoRead (params?);
  visibility='private', is_virtual=True)
/afs/inf.ed.ac.uk/user/s12/s1232200/Year-4/CN/cwk1/ns/ns-3.18/src/fd-net-device/bindings/modulegen__gcc_LP64.py:4714: Warning: exception TypeLookupError(['ns3::Hash::Hash32Function_ptr'],) in wrapper <pybindgen.cppmethod.CppConstructor object at 0x2c0bc10>
  cls.add_constructor([param('ns3::Hash::Hash32Function_ptr', 'hp')])
/afs/inf.ed.ac.uk/user/s12/s1232200/Year-4/CN/cwk1/ns/ns-3.18/src/fd-net-device/bindings/modulegen__gcc_LP64.py:4731: Warning: exception TypeLookupError(['ns3::Hash::Hash64Function_ptr'],) in wrapper <pybindgen.cppmethod.CppConstructor object at 0x2c0ec10>
  cls.add_constructor([param('ns3::Hash::Hash64Function_ptr', 'hp')])
/afs/inf.ed.ac.uk/user/s12/s1232200/Year-4/CN/cwk1/ns/pybindgen-0.16.0.831/pybindgen/cppclass_typehandlers.py:1098: UserWarning: Returning shared pointers is dangerous!  The C++ API should be redesigned to avoid this situation.
  warnings.warn("Returning shared pointers is dangerous!"
